[0KRunning with gitlab-runner 14.8.2 (c6e7e194)[0;m
[0K  on docker 8g8VfLmE[0;m
section_start:1647774109:prepare_executor[0K[0K[36;1mPreparing the "docker" executor[0;m[0;m
[0KUsing Docker executor with image node:16-alpine ...[0;m
[0KPulling docker image node:16-alpine ...[0;m
[0KUsing docker image sha256:41b9374c09018007d5ad0dc97aa1db92a56b0a792684ebfffebd8113b2f4be06 for node:16-alpine with digest node@sha256:72a490e7ed8aed68e16b8dc8f37b5bcc35c5b5c56ee3256effcdee63e2546f93 ...[0;m
section_end:1647774110:prepare_executor[0Ksection_start:1647774110:prepare_script[0K[0K[36;1mPreparing environment[0;m[0;m
Running on runner-8g8vflme-project-2-concurrent-0 via 8c4e00366ed6...
section_end:1647774111:prepare_script[0Ksection_start:1647774111:get_sources[0K[0K[36;1mGetting source from Git repository[0;m[0;m
[32;1mFetching changes with git depth set to 20...[0;m
Reinitialized existing Git repository in /builds/root/learn_ci/.git/
[32;1mChecking out d5da30e9 as main...[0;m
Removing build/
Removing node_modules/

[32;1mSkipping Git submodules setup[0;m
section_end:1647774113:get_sources[0Ksection_start:1647774113:download_artifacts[0K[0K[36;1mDownloading artifacts[0;m[0;m
[32;1mDownloading artifacts for build website (8)...[0;m
Downloading artifacts from coordinator... ok      [0;m  id[0;m=8 responseStatus[0;m=200 OK token[0;m=fCsQNnqb
section_end:1647774114:download_artifacts[0Ksection_start:1647774114:step_script[0K[0K[36;1mExecuting "step_script" stage of the job script[0;m[0;m
[0KUsing docker image sha256:41b9374c09018007d5ad0dc97aa1db92a56b0a792684ebfffebd8113b2f4be06 for node:16-alpine with digest node@sha256:72a490e7ed8aed68e16b8dc8f37b5bcc35c5b5c56ee3256effcdee63e2546f93 ...[0;m
[32;1m$ yarn global add serve[0;m
yarn global v1.22.18
[1/4] Resolving packages...
[2/4] Fetching packages...
[3/4] Linking dependencies...
[4/4] Building fresh packages...
success Installed "serve@13.0.2" with binaries:
      - serve
Done in 2.62s.
[32;1m$ apk add curl[0;m
fetch https://dl-cdn.alpinelinux.org/alpine/v3.15/main/x86_64/APKINDEX.tar.gz
fetch https://dl-cdn.alpinelinux.org/alpine/v3.15/community/x86_64/APKINDEX.tar.gz
(1/5) Installing ca-certificates (20211220-r0)
(2/5) Installing brotli-libs (1.0.9-r5)
(3/5) Installing nghttp2-libs (1.46.0-r0)
(4/5) Installing libcurl (7.80.0-r0)
(5/5) Installing curl (7.80.0-r0)
Executing busybox-1.34.1-r4.trigger
Executing ca-certificates-20211220-r0.trigger
OK: 10 MiB in 21 packages
[32;1m$ serve -s build &[0;m
[32;1m$ sleep 10[0;m
INFO: Accepting connections at http://localhost:3000
[32;1m$ curl http://localhost:3000 | grep "React App"[0;m
  % Total    % Received % Xferd  Average Speed   Time    Time     Time  Current
                                 Dload  Upload   Total   Spent    Left  Speed
  0     0    0     0    0     0      0      0 --:--:-- --:--:-- --:--:--     0100  3020  100  3020    0     0   204k      0 --:--:-- --:--:-- --:--:--  210k
<!doctype html><html lang="en"><head><meta charset="utf-8"/><link rel="icon" href="/favicon.ico"/><meta name="viewport" content="width=device-width,initial-scale=1"/><meta name="theme-color" content="#000000"/><meta name="description" content="Web site created using create-react-app"/><link rel="apple-touch-icon" href="/logo192.png"/><link rel="manifest" href="/manifest.json"/><title>React App</title><link href="/static/css/main.15db5ee1.chunk.css" rel="stylesheet"></head><body><noscript>You need to enable JavaScript to run this app.</noscript><div id="root"></div><script>!function(e){function r(r){for(var n,a,i=r[0],c=r[1],l=r[2],f=0,s=[];f<i.length;f++)a=i[f],Object.prototype.hasOwnProperty.call(o,a)&&o[a]&&s.push(o[a][0]),o[a]=0;for(n in c)Object.prototype.hasOwnProperty.call(c,n)&&(e[n]=c[n]);for(p&&p(r);s.length;)s.shift()();return u.push.apply(u,l||[]),t()}function t(){for(var e,r=0;r<u.length;r++){for(var t=u[r],n=!0,i=1;i<t.length;i++){var c=t[i];0!==o[c]&&(n=!1)}n&&(u.splice(r--,1),e=a(a.s=t[0]))}return e}var n={},o={1:0},u=[];function a(r){if(n[r])return n[r].exports;var t=n[r]={i:r,l:!1,exports:{}};return e[r].call(t.exports,t,t.exports,a),t.l=!0,t.exports}a.e=function(e){var r=[],t=o[e];if(0!==t)if(t)r.push(t[2]);else{var n=new Promise((function(r,n){t=o[e]=[r,n]}));r.push(t[2]=n);var u,i=document.createElement("script");i.charset="utf-8",i.timeout=120,a.nc&&i.setAttribute("nonce",a.nc),i.src=function(e){return a.p+"static/js/"+({}[e]||e)+"."+{3:"a6e4d959"}[e]+".chunk.js"}(e);var c=new Error;u=function(r){i.onerror=i.onload=null,clearTimeout(l);var t=o[e];if(0!==t){if(t){var n=r&&("load"===r.type?"missing":r.type),u=r&&r.target&&r.target.src;c.message="Loading chunk "+e+" failed.\n("+n+": "+u+")",c.name="ChunkLoadError",c.type=n,c.request=u,t[1](c)}o[e]=void 0}};var l=setTimeout((function(){u({type:"timeout",target:i})}),12e4);i.onerror=i.onload=u,document.head.appendChild(i)}return Promise.all(r)},a.m=e,a.c=n,a.d=function(e,r,t){a.o(e,r)||Object.defineProperty(e,r,{enumerable:!0,get:t})},a.r=function(e){"undefined"!=typeof Symbol&&Symbol.toStringTag&&Object.defineProperty(e,Symbol.toStringTag,{value:"Module"}),Object.defineProperty(e,"__esModule",{value:!0})},a.t=function(e,r){if(1&r&&(e=a(e)),8&r)return e;if(4&r&&"object"==typeof e&&e&&e.__esModule)return e;var t=Object.create(null);if(a.r(t),Object.defineProperty(t,"default",{enumerable:!0,value:e}),2&r&&"string"!=typeof e)for(var n in e)a.d(t,n,function(r){return e[r]}.bind(null,n));return t},a.n=function(e){var r=e&&e.__esModule?function(){return e.default}:function(){return e};return a.d(r,"a",r),r},a.o=function(e,r){return Object.prototype.hasOwnProperty.call(e,r)},a.p="/",a.oe=function(e){throw console.error(e),e};var i=this["webpackJsonpmy-app"]=this["webpackJsonpmy-app"]||[],c=i.push.bind(i);i.push=r,i=i.slice();for(var l=0;l<i.length;l++)r(i[l]);var p=c;t()}([])</script><script src="/static/js/2.d0eb047a.chunk.js"></script><script src="/static/js/main.d1490275.chunk.js"></script></body></html>
section_end:1647774128:step_script[0Ksection_start:1647774128:cleanup_file_variables[0K[0K[36;1mCleaning up project directory and file based variables[0;m[0;m
section_end:1647774129:cleanup_file_variables[0K[32;1mJob succeeded[0;m
