[0KRunning with gitlab-runner 14.8.2 (c6e7e194)[0;m
[0K  on docker 8g8VfLmE[0;m
section_start:1647780784:prepare_executor[0K[0K[36;1mPreparing the "docker" executor[0;m[0;m
[0KUsing Docker executor with image curlimages/curl ...[0;m
[0KStarting service docker:20.10.13-dind ...[0;m
[0KPulling docker image docker:20.10.13-dind ...[0;m
[0KUsing docker image sha256:12be8f658512ce5ca4f7e20a59a0ed17f592a41171a46ffd45888643b83eb598 for docker:20.10.13-dind with digest docker@sha256:e37536394e82073384d22a24a3514496eeee2890c823cfb94628ced9ae387a01 ...[0;m
[0KStarting service phuocpro1969/mywebsite:4 ...[0;m
[0KPulling docker image phuocpro1969/mywebsite:4 ...[0;m
[0KUsing docker image sha256:b5b03b87f189e65062ec5d3cceabf6bb32333d19f066ecb71b3693dfb69ffdfa for phuocpro1969/mywebsite:4 with digest phuocpro1969/mywebsite@sha256:f3aa5c6e255fef6a1a5b63ba651679e4244c2211246b0e94badfc5e02b3e0193 ...[0;m
[0KWaiting for services to be up and running...[0;m

[0;33m*** WARNING:[0;m Service runner-8g8vflme-project-2-concurrent-0-019d0eba38dc2c57-docker-0 probably didn't start properly.

Health check error:
service "runner-8g8vflme-project-2-concurrent-0-019d0eba38dc2c57-docker-0-wait-for-service" timeout

Health check container logs:


Service container logs:
2022-03-20T12:53:06.319579813Z Generating RSA private key, 4096 bit long modulus (2 primes)
2022-03-20T12:53:06.465027411Z ..............................++++
2022-03-20T12:53:06.529103876Z .............++++
2022-03-20T12:53:06.529539590Z e is 65537 (0x010001)
2022-03-20T12:53:06.546971977Z Generating RSA private key, 4096 bit long modulus (2 primes)
2022-03-20T12:53:06.712273486Z ....................................++++
2022-03-20T12:53:07.200865661Z ......................................................................................++++
2022-03-20T12:53:07.200909997Z e is 65537 (0x010001)
2022-03-20T12:53:07.258546640Z Signature ok
2022-03-20T12:53:07.258697148Z subject=CN = docker:dind server
2022-03-20T12:53:07.259041994Z Getting CA Private Key
2022-03-20T12:53:07.290407451Z /certs/server/cert.pem: OK
2022-03-20T12:53:07.296041208Z Generating RSA private key, 4096 bit long modulus (2 primes)
2022-03-20T12:53:07.467985979Z ..........................++++
2022-03-20T12:53:07.831038929Z ..................................................................++++
2022-03-20T12:53:07.831646470Z e is 65537 (0x010001)
2022-03-20T12:53:07.878682571Z Signature ok
2022-03-20T12:53:07.878711291Z subject=CN = docker:dind client
2022-03-20T12:53:07.878717895Z Getting CA Private Key
2022-03-20T12:53:07.900959519Z /certs/client/cert.pem: OK
2022-03-20T12:53:08.076323084Z time="2022-03-20T12:53:08.074429333Z" level=info msg="Starting up"
2022-03-20T12:53:08.077305460Z time="2022-03-20T12:53:08.077153391Z" level=warning msg="could not change group /var/run/docker.sock to docker: group docker not found"
2022-03-20T12:53:08.077349642Z failed to load listeners: can't create unix socket /var/run/docker.sock: device or resource busy

[0;33m*********[0;m

[0KPulling docker image curlimages/curl ...[0;m
[0KUsing docker image sha256:dcc70eeb4d1b9d8e2ac68bd516779fca294f6776ab4d8907d5f19ecacef95d83 for curlimages/curl with digest curlimages/curl@sha256:28de0ecf272de51313e5b522ed51c54d44c9d4eed6ce050ba83f0c599182e619 ...[0;m
section_end:1647780821:prepare_executor[0Ksection_start:1647780821:prepare_script[0K[0K[36;1mPreparing environment[0;m[0;m
Running on runner-8g8vflme-project-2-concurrent-0 via 8c4e00366ed6...
section_end:1647780821:prepare_script[0Ksection_start:1647780821:get_sources[0K[0K[36;1mGetting source from Git repository[0;m[0;m
[32;1mFetching changes with git depth set to 20...[0;m
Reinitialized existing Git repository in /builds/root/learn_ci/.git/
[32;1mChecking out 7ad8af28 as main...[0;m
Removing build/

[32;1mSkipping Git submodules setup[0;m
section_end:1647780823:get_sources[0Ksection_start:1647780823:download_artifacts[0K[0K[36;1mDownloading artifacts[0;m[0;m
[32;1mDownloading artifacts for build website (22)...[0;m
Downloading artifacts from coordinator... ok      [0;m  id[0;m=22 responseStatus[0;m=200 OK token[0;m=Q5x82zy9
section_end:1647780824:download_artifacts[0Ksection_start:1647780824:step_script[0K[0K[36;1mExecuting "step_script" stage of the job script[0;m[0;m
[0KUsing docker image sha256:dcc70eeb4d1b9d8e2ac68bd516779fca294f6776ab4d8907d5f19ecacef95d83 for curlimages/curl with digest curlimages/curl@sha256:28de0ecf272de51313e5b522ed51c54d44c9d4eed6ce050ba83f0c599182e619 ...[0;m
[32;1m$ curl http://website/version.html | grep $APP_VERSION[0;m
  % Total    % Received % Xferd  Average Speed   Time    Time     Time  Current
                                 Dload  Upload   Total   Spent    Left  Speed
  0     0    0     0    0     0      0      0 --:--:-- --:--:-- --:--:--     0100     2  100     2    0     0    852      0 --4
:--:-- --:--:-- --:--:--  1000
section_end:1647780824:step_script[0Ksection_start:1647780824:cleanup_file_variables[0K[0K[36;1mCleaning up project directory and file based variables[0;m[0;m
section_end:1647780825:cleanup_file_variables[0K[32;1mJob succeeded[0;m
