# Logfile created on 2022-03-20 09:29:10 +0000 by logger.rb/v1.4.2
{"severity":"DEBUG","time":"2022-03-20T09:29:10.630Z","correlation_id":null,"message":"ActiveRecord connection established"}
{"severity":"INFO","time":"2022-03-20T09:29:11.167Z","correlation_id":null,"message":"Syncing dynamic postgres partitions"}
{"severity":"DEBUG","time":"2022-03-20T09:29:11.176Z","correlation_id":null,"message":"Switched database connection","connection_name":"main"}
{"severity":"INFO","time":"2022-03-20T09:29:11.178Z","correlation_id":null,"message":"Checking state of dynamic postgres partitions","table_name":"audit_events","connection_name":"main"}
{"severity":"DEBUG","time":"2022-03-20T09:29:11.181Z","correlation_id":null,"message":"Switched database connection","connection_name":"main"}
{"severity":"INFO","time":"2022-03-20T09:29:11.181Z","correlation_id":null,"message":"Checking state of dynamic postgres partitions","table_name":"web_hook_logs","connection_name":"main"}
{"severity":"DEBUG","time":"2022-03-20T09:29:11.183Z","correlation_id":null,"message":"Switched database connection","connection_name":"main"}
{"severity":"INFO","time":"2022-03-20T09:29:11.183Z","correlation_id":null,"message":"Checking state of dynamic postgres partitions","table_name":"loose_foreign_keys_deleted_records","connection_name":"main"}
{"severity":"DEBUG","time":"2022-03-20T09:29:11.185Z","correlation_id":null,"message":"Switched database connection","connection_name":"main"}
{"severity":"INFO","time":"2022-03-20T09:29:11.185Z","correlation_id":null,"message":"Checking state of dynamic postgres partitions","table_name":"batched_background_migration_job_transition_logs","connection_name":"main"}
{"severity":"DEBUG","time":"2022-03-20T09:29:11.186Z","correlation_id":null,"message":"Switched database connection","connection_name":"main"}
{"severity":"INFO","time":"2022-03-20T09:29:11.187Z","correlation_id":null,"message":"Checking state of dynamic postgres partitions","table_name":"incident_management_pending_alert_escalations","connection_name":"main"}
{"severity":"DEBUG","time":"2022-03-20T09:29:11.188Z","correlation_id":null,"message":"Switched database connection","connection_name":"main"}
{"severity":"INFO","time":"2022-03-20T09:29:11.188Z","correlation_id":null,"message":"Checking state of dynamic postgres partitions","table_name":"incident_management_pending_issue_escalations","connection_name":"main"}
{"severity":"DEBUG","time":"2022-03-20T09:29:11.190Z","correlation_id":null,"message":"Switched database connection","connection_name":"main"}
{"severity":"INFO","time":"2022-03-20T09:29:11.190Z","correlation_id":null,"message":"Checking state of dynamic postgres partitions","table_name":"verification_codes","connection_name":"main"}
{"severity":"INFO","time":"2022-03-20T09:29:11.191Z","correlation_id":null,"message":"Finished sync of dynamic postgres partitions"}
{"severity":"INFO","time":"2022-03-20T09:29:29.212Z","correlation_id":null,"message":"Syncing dynamic postgres partitions"}
{"severity":"DEBUG","time":"2022-03-20T09:29:29.223Z","correlation_id":null,"message":"Switched database connection","connection_name":"main"}
{"severity":"INFO","time":"2022-03-20T09:29:29.224Z","correlation_id":null,"message":"Checking state of dynamic postgres partitions","table_name":"audit_events","connection_name":"main"}
{"severity":"INFO","time":"2022-03-20T09:29:29.289Z","correlation_id":null,"method":"with_lock_retries","class":"Gitlab::Database::Partitioning::PartitionManager","message":"Lock timeout is set","current_iteration":1,"lock_timeout_in_ms":100}
{"severity":"INFO","time":"2022-03-20T09:29:29.315Z","correlation_id":null,"message":"Created partition","partition_name":"audit_events_000000","table_name":"audit_events"}
{"severity":"INFO","time":"2022-03-20T09:29:29.336Z","correlation_id":null,"message":"Created partition","partition_name":"audit_events_202203","table_name":"audit_events"}
{"severity":"INFO","time":"2022-03-20T09:29:29.353Z","correlation_id":null,"message":"Created partition","partition_name":"audit_events_202204","table_name":"audit_events"}
{"severity":"INFO","time":"2022-03-20T09:29:29.370Z","correlation_id":null,"message":"Created partition","partition_name":"audit_events_202205","table_name":"audit_events"}
{"severity":"INFO","time":"2022-03-20T09:29:29.387Z","correlation_id":null,"message":"Created partition","partition_name":"audit_events_202206","table_name":"audit_events"}
{"severity":"INFO","time":"2022-03-20T09:29:29.403Z","correlation_id":null,"message":"Created partition","partition_name":"audit_events_202207","table_name":"audit_events"}
{"severity":"INFO","time":"2022-03-20T09:29:29.420Z","correlation_id":null,"message":"Created partition","partition_name":"audit_events_202208","table_name":"audit_events"}
{"severity":"INFO","time":"2022-03-20T09:29:29.437Z","correlation_id":null,"message":"Created partition","partition_name":"audit_events_202209","table_name":"audit_events"}
{"severity":"INFO","time":"2022-03-20T09:29:29.438Z","correlation_id":null,"method":"with_lock_retries","class":"Gitlab::Database::Partitioning::PartitionManager","message":"Migration finished","current_iteration":1,"lock_timeout_in_ms":100}
{"severity":"DEBUG","time":"2022-03-20T09:29:29.479Z","correlation_id":null,"message":"Switched database connection","connection_name":"main"}
{"severity":"INFO","time":"2022-03-20T09:29:29.479Z","correlation_id":null,"message":"Checking state of dynamic postgres partitions","table_name":"web_hook_logs","connection_name":"main"}
{"severity":"INFO","time":"2022-03-20T09:29:29.527Z","correlation_id":null,"method":"with_lock_retries","class":"Gitlab::Database::Partitioning::PartitionManager","message":"Lock timeout is set","current_iteration":1,"lock_timeout_in_ms":100}
{"severity":"INFO","time":"2022-03-20T09:29:29.547Z","correlation_id":null,"message":"Created partition","partition_name":"web_hook_logs_202112","table_name":"web_hook_logs"}
{"severity":"INFO","time":"2022-03-20T09:29:29.564Z","correlation_id":null,"message":"Created partition","partition_name":"web_hook_logs_202201","table_name":"web_hook_logs"}
{"severity":"INFO","time":"2022-03-20T09:29:29.582Z","correlation_id":null,"message":"Created partition","partition_name":"web_hook_logs_202202","table_name":"web_hook_logs"}
{"severity":"INFO","time":"2022-03-20T09:29:29.598Z","correlation_id":null,"message":"Created partition","partition_name":"web_hook_logs_202203","table_name":"web_hook_logs"}
{"severity":"INFO","time":"2022-03-20T09:29:29.614Z","correlation_id":null,"message":"Created partition","partition_name":"web_hook_logs_202204","table_name":"web_hook_logs"}
{"severity":"INFO","time":"2022-03-20T09:29:29.633Z","correlation_id":null,"message":"Created partition","partition_name":"web_hook_logs_202205","table_name":"web_hook_logs"}
{"severity":"INFO","time":"2022-03-20T09:29:29.651Z","correlation_id":null,"message":"Created partition","partition_name":"web_hook_logs_202206","table_name":"web_hook_logs"}
{"severity":"INFO","time":"2022-03-20T09:29:29.669Z","correlation_id":null,"message":"Created partition","partition_name":"web_hook_logs_202207","table_name":"web_hook_logs"}
{"severity":"INFO","time":"2022-03-20T09:29:29.686Z","correlation_id":null,"message":"Created partition","partition_name":"web_hook_logs_202208","table_name":"web_hook_logs"}
{"severity":"INFO","time":"2022-03-20T09:29:29.703Z","correlation_id":null,"message":"Created partition","partition_name":"web_hook_logs_202209","table_name":"web_hook_logs"}
{"severity":"INFO","time":"2022-03-20T09:29:29.704Z","correlation_id":null,"method":"with_lock_retries","class":"Gitlab::Database::Partitioning::PartitionManager","message":"Migration finished","current_iteration":1,"lock_timeout_in_ms":100}
{"severity":"DEBUG","time":"2022-03-20T09:29:29.734Z","correlation_id":null,"message":"Switched database connection","connection_name":"main"}
{"severity":"INFO","time":"2022-03-20T09:29:29.736Z","correlation_id":null,"message":"Checking state of dynamic postgres partitions","table_name":"loose_foreign_keys_deleted_records","connection_name":"main"}
{"severity":"INFO","time":"2022-03-20T09:29:29.765Z","correlation_id":null,"method":"with_lock_retries","class":"Gitlab::Database::Partitioning::PartitionManager","message":"Lock timeout is set","current_iteration":1,"lock_timeout_in_ms":100}
{"severity":"INFO","time":"2022-03-20T09:29:29.782Z","correlation_id":null,"message":"Created partition","partition_name":"loose_foreign_keys_deleted_records_1","table_name":"loose_foreign_keys_deleted_records"}
{"severity":"INFO","time":"2022-03-20T09:29:29.800Z","correlation_id":null,"method":"with_lock_retries","class":"Gitlab::Database::Partitioning::PartitionManager","message":"Migration finished","current_iteration":1,"lock_timeout_in_ms":100}
{"severity":"DEBUG","time":"2022-03-20T09:29:29.824Z","correlation_id":null,"message":"Switched database connection","connection_name":"main"}
{"severity":"INFO","time":"2022-03-20T09:29:29.825Z","correlation_id":null,"message":"Checking state of dynamic postgres partitions","table_name":"batched_background_migration_job_transition_logs","connection_name":"main"}
{"severity":"INFO","time":"2022-03-20T09:29:29.872Z","correlation_id":null,"method":"with_lock_retries","class":"Gitlab::Database::Partitioning::PartitionManager","message":"Lock timeout is set","current_iteration":1,"lock_timeout_in_ms":100}
{"severity":"INFO","time":"2022-03-20T09:29:29.889Z","correlation_id":null,"message":"Created partition","partition_name":"batched_background_migration_job_transition_logs_202109","table_name":"batched_background_migration_job_transition_logs"}
{"severity":"INFO","time":"2022-03-20T09:29:29.903Z","correlation_id":null,"message":"Created partition","partition_name":"batched_background_migration_job_transition_logs_202110","table_name":"batched_background_migration_job_transition_logs"}
{"severity":"INFO","time":"2022-03-20T09:29:29.919Z","correlation_id":null,"message":"Created partition","partition_name":"batched_background_migration_job_transition_logs_202111","table_name":"batched_background_migration_job_transition_logs"}
{"severity":"INFO","time":"2022-03-20T09:29:29.934Z","correlation_id":null,"message":"Created partition","partition_name":"batched_background_migration_job_transition_logs_202112","table_name":"batched_background_migration_job_transition_logs"}
{"severity":"INFO","time":"2022-03-20T09:29:29.948Z","correlation_id":null,"message":"Created partition","partition_name":"batched_background_migration_job_transition_logs_202201","table_name":"batched_background_migration_job_transition_logs"}
{"severity":"INFO","time":"2022-03-20T09:29:29.964Z","correlation_id":null,"message":"Created partition","partition_name":"batched_background_migration_job_transition_logs_202202","table_name":"batched_background_migration_job_transition_logs"}
{"severity":"INFO","time":"2022-03-20T09:29:29.980Z","correlation_id":null,"message":"Created partition","partition_name":"batched_background_migration_job_transition_logs_202203","table_name":"batched_background_migration_job_transition_logs"}
{"severity":"INFO","time":"2022-03-20T09:29:29.996Z","correlation_id":null,"message":"Created partition","partition_name":"batched_background_migration_job_transition_logs_202204","table_name":"batched_background_migration_job_transition_logs"}
{"severity":"INFO","time":"2022-03-20T09:29:30.011Z","correlation_id":null,"message":"Created partition","partition_name":"batched_background_migration_job_transition_logs_202205","table_name":"batched_background_migration_job_transition_logs"}
{"severity":"INFO","time":"2022-03-20T09:29:30.027Z","correlation_id":null,"message":"Created partition","partition_name":"batched_background_migration_job_transition_logs_202206","table_name":"batched_background_migration_job_transition_logs"}
{"severity":"INFO","time":"2022-03-20T09:29:30.042Z","correlation_id":null,"message":"Created partition","partition_name":"batched_background_migration_job_transition_logs_202207","table_name":"batched_background_migration_job_transition_logs"}
{"severity":"INFO","time":"2022-03-20T09:29:30.057Z","correlation_id":null,"message":"Created partition","partition_name":"batched_background_migration_job_transition_logs_202208","table_name":"batched_background_migration_job_transition_logs"}
{"severity":"INFO","time":"2022-03-20T09:29:30.071Z","correlation_id":null,"message":"Created partition","partition_name":"batched_background_migration_job_transition_logs_202209","table_name":"batched_background_migration_job_transition_logs"}
{"severity":"INFO","time":"2022-03-20T09:29:30.072Z","correlation_id":null,"method":"with_lock_retries","class":"Gitlab::Database::Partitioning::PartitionManager","message":"Migration finished","current_iteration":1,"lock_timeout_in_ms":100}
{"severity":"DEBUG","time":"2022-03-20T09:29:30.103Z","correlation_id":null,"message":"Switched database connection","connection_name":"main"}
{"severity":"INFO","time":"2022-03-20T09:29:30.103Z","correlation_id":null,"message":"Checking state of dynamic postgres partitions","table_name":"incident_management_pending_alert_escalations","connection_name":"main"}
{"severity":"INFO","time":"2022-03-20T09:29:30.155Z","correlation_id":null,"method":"with_lock_retries","class":"Gitlab::Database::Partitioning::PartitionManager","message":"Lock timeout is set","current_iteration":1,"lock_timeout_in_ms":100}
{"severity":"INFO","time":"2022-03-20T09:29:30.173Z","correlation_id":null,"message":"Created partition","partition_name":"incident_management_pending_alert_escalations_000000","table_name":"incident_management_pending_alert_escalations"}
{"severity":"INFO","time":"2022-03-20T09:29:30.189Z","correlation_id":null,"message":"Created partition","partition_name":"incident_management_pending_alert_escalations_202203","table_name":"incident_management_pending_alert_escalations"}
{"severity":"INFO","time":"2022-03-20T09:29:30.202Z","correlation_id":null,"message":"Created partition","partition_name":"incident_management_pending_alert_escalations_202204","table_name":"incident_management_pending_alert_escalations"}
{"severity":"INFO","time":"2022-03-20T09:29:30.217Z","correlation_id":null,"message":"Created partition","partition_name":"incident_management_pending_alert_escalations_202205","table_name":"incident_management_pending_alert_escalations"}
{"severity":"INFO","time":"2022-03-20T09:29:30.232Z","correlation_id":null,"message":"Created partition","partition_name":"incident_management_pending_alert_escalations_202206","table_name":"incident_management_pending_alert_escalations"}
{"severity":"INFO","time":"2022-03-20T09:29:30.247Z","correlation_id":null,"message":"Created partition","partition_name":"incident_management_pending_alert_escalations_202207","table_name":"incident_management_pending_alert_escalations"}
{"severity":"INFO","time":"2022-03-20T09:29:30.261Z","correlation_id":null,"message":"Created partition","partition_name":"incident_management_pending_alert_escalations_202208","table_name":"incident_management_pending_alert_escalations"}
{"severity":"INFO","time":"2022-03-20T09:29:30.276Z","correlation_id":null,"message":"Created partition","partition_name":"incident_management_pending_alert_escalations_202209","table_name":"incident_management_pending_alert_escalations"}
{"severity":"INFO","time":"2022-03-20T09:29:30.277Z","correlation_id":null,"method":"with_lock_retries","class":"Gitlab::Database::Partitioning::PartitionManager","message":"Migration finished","current_iteration":1,"lock_timeout_in_ms":100}
{"severity":"DEBUG","time":"2022-03-20T09:29:30.308Z","correlation_id":null,"message":"Switched database connection","connection_name":"main"}
{"severity":"INFO","time":"2022-03-20T09:29:30.308Z","correlation_id":null,"message":"Checking state of dynamic postgres partitions","table_name":"incident_management_pending_issue_escalations","connection_name":"main"}
{"severity":"INFO","time":"2022-03-20T09:29:30.369Z","correlation_id":null,"method":"with_lock_retries","class":"Gitlab::Database::Partitioning::PartitionManager","message":"Lock timeout is set","current_iteration":1,"lock_timeout_in_ms":100}
{"severity":"INFO","time":"2022-03-20T09:29:30.387Z","correlation_id":null,"message":"Created partition","partition_name":"incident_management_pending_issue_escalations_000000","table_name":"incident_management_pending_issue_escalations"}
{"severity":"INFO","time":"2022-03-20T09:29:30.405Z","correlation_id":null,"message":"Created partition","partition_name":"incident_management_pending_issue_escalations_202203","table_name":"incident_management_pending_issue_escalations"}
{"severity":"INFO","time":"2022-03-20T09:29:30.421Z","correlation_id":null,"message":"Created partition","partition_name":"incident_management_pending_issue_escalations_202204","table_name":"incident_management_pending_issue_escalations"}
{"severity":"INFO","time":"2022-03-20T09:29:30.440Z","correlation_id":null,"message":"Created partition","partition_name":"incident_management_pending_issue_escalations_202205","table_name":"incident_management_pending_issue_escalations"}
{"severity":"INFO","time":"2022-03-20T09:29:30.454Z","correlation_id":null,"message":"Created partition","partition_name":"incident_management_pending_issue_escalations_202206","table_name":"incident_management_pending_issue_escalations"}
{"severity":"INFO","time":"2022-03-20T09:29:30.468Z","correlation_id":null,"message":"Created partition","partition_name":"incident_management_pending_issue_escalations_202207","table_name":"incident_management_pending_issue_escalations"}
{"severity":"INFO","time":"2022-03-20T09:29:30.482Z","correlation_id":null,"message":"Created partition","partition_name":"incident_management_pending_issue_escalations_202208","table_name":"incident_management_pending_issue_escalations"}
{"severity":"INFO","time":"2022-03-20T09:29:30.498Z","correlation_id":null,"message":"Created partition","partition_name":"incident_management_pending_issue_escalations_202209","table_name":"incident_management_pending_issue_escalations"}
{"severity":"INFO","time":"2022-03-20T09:29:30.498Z","correlation_id":null,"method":"with_lock_retries","class":"Gitlab::Database::Partitioning::PartitionManager","message":"Migration finished","current_iteration":1,"lock_timeout_in_ms":100}
{"severity":"DEBUG","time":"2022-03-20T09:29:30.530Z","correlation_id":null,"message":"Switched database connection","connection_name":"main"}
{"severity":"INFO","time":"2022-03-20T09:29:30.531Z","correlation_id":null,"message":"Checking state of dynamic postgres partitions","table_name":"verification_codes","connection_name":"main"}
{"severity":"INFO","time":"2022-03-20T09:29:30.584Z","correlation_id":null,"method":"with_lock_retries","class":"Gitlab::Database::Partitioning::PartitionManager","message":"Lock timeout is set","current_iteration":1,"lock_timeout_in_ms":100}
{"severity":"INFO","time":"2022-03-20T09:29:30.602Z","correlation_id":null,"message":"Created partition","partition_name":"verification_codes_000000","table_name":"verification_codes"}
{"severity":"INFO","time":"2022-03-20T09:29:30.617Z","correlation_id":null,"message":"Created partition","partition_name":"verification_codes_202203","table_name":"verification_codes"}
{"severity":"INFO","time":"2022-03-20T09:29:30.632Z","correlation_id":null,"message":"Created partition","partition_name":"verification_codes_202204","table_name":"verification_codes"}
{"severity":"INFO","time":"2022-03-20T09:29:30.645Z","correlation_id":null,"message":"Created partition","partition_name":"verification_codes_202205","table_name":"verification_codes"}
{"severity":"INFO","time":"2022-03-20T09:29:30.663Z","correlation_id":null,"message":"Created partition","partition_name":"verification_codes_202206","table_name":"verification_codes"}
{"severity":"INFO","time":"2022-03-20T09:29:30.678Z","correlation_id":null,"message":"Created partition","partition_name":"verification_codes_202207","table_name":"verification_codes"}
{"severity":"INFO","time":"2022-03-20T09:29:30.693Z","correlation_id":null,"message":"Created partition","partition_name":"verification_codes_202208","table_name":"verification_codes"}
{"severity":"INFO","time":"2022-03-20T09:29:30.708Z","correlation_id":null,"message":"Created partition","partition_name":"verification_codes_202209","table_name":"verification_codes"}
{"severity":"INFO","time":"2022-03-20T09:29:30.709Z","correlation_id":null,"method":"with_lock_retries","class":"Gitlab::Database::Partitioning::PartitionManager","message":"Migration finished","current_iteration":1,"lock_timeout_in_ms":100}
{"severity":"INFO","time":"2022-03-20T09:29:30.740Z","correlation_id":null,"message":"Finished sync of dynamic postgres partitions"}
{"severity":"INFO","time":"2022-03-20T09:29:32.052Z","correlation_id":null,"message":"User \"Administrator\" (admin@example.com) was created"}
{"severity":"INFO","time":"2022-03-20T09:29:32.457Z","correlation_id":null,"message":"Group \"GitLab Instance\" was created"}
{"severity":"ERROR","time":"2022-03-20T09:29:32.622Z","correlation_id":null,"message":"`Namespaces::InviteTeamEmailWorker.perform_in` cannot be called inside a transaction as this can lead to\nrace conditions when the worker runs before the transaction is committed and\ntries to access a model that has not been saved yet.\n\nUse an `after_commit` hook, or include `AfterCommitQueue` and use a `run_after_commit` block instead.\n"}
{"severity":"INFO","time":"2022-03-20T09:29:36.808Z","correlation_id":"8066364dd96dfaf1299027eafaa069dd","message":"Administrator created a new project \"GitLab Instance / Monitoring\""}
{"severity":"ERROR","time":"2022-03-20T09:29:37.035Z","correlation_id":"8066364dd96dfaf1299027eafaa069dd","message":"`AuthorizedProjectUpdate::ProjectRecalculateWorker.perform_async` cannot be called inside a transaction as this can lead to\nrace conditions when the worker runs before the transaction is committed and\ntries to access a model that has not been saved yet.\n\nUse an `after_commit` hook, or include `AfterCommitQueue` and use a `run_after_commit` block instead.\n"}
{"severity":"ERROR","time":"2022-03-20T09:29:37.057Z","correlation_id":"8066364dd96dfaf1299027eafaa069dd","message":"`Projects::PostCreationWorker.perform_async` cannot be called inside a transaction as this can lead to\nrace conditions when the worker runs before the transaction is committed and\ntries to access a model that has not been saved yet.\n\nUse an `after_commit` hook, or include `AfterCommitQueue` and use a `run_after_commit` block instead.\n"}
{"severity":"INFO","time":"2022-03-20T09:29:37.514Z","correlation_id":null,"message":"running inline","class":"AuthorizedProjectsWorker","job_status":"running","queue":"authorized_projects","jid":null}
{"severity":"INFO","time":"2022-03-20T09:29:37.545Z","correlation_id":null,"event":"authorized_projects_refresh","user_id":1,"authorized_projects_refresh.source":"AuthorizedProjectsWorker","authorized_projects_refresh.rows_deleted_count":0,"authorized_projects_refresh.rows_added_count":0,"authorized_projects_refresh.rows_deleted_slice":[],"authorized_projects_refresh.rows_added_slice":[]}
{"severity":"ERROR","time":"2022-03-20T09:29:37.549Z","correlation_id":null,"message":"Cannot obtain an exclusive lease. There must be another instance already in execution."}
{"severity":"DEBUG","time":"2022-03-20T09:29:57.750Z","correlation_id":null,"message":"ActiveRecord connection established"}
{"severity":"INFO","time":"2022-03-20T09:29:59.002Z","correlation_id":null,"message":"Syncing dynamic postgres partitions"}
{"severity":"DEBUG","time":"2022-03-20T09:29:59.014Z","correlation_id":null,"message":"Switched database connection","connection_name":"main"}
{"severity":"INFO","time":"2022-03-20T09:29:59.019Z","correlation_id":null,"message":"Checking state of dynamic postgres partitions","table_name":"audit_events","connection_name":"main"}
{"severity":"DEBUG","time":"2022-03-20T09:29:59.097Z","correlation_id":null,"message":"Switched database connection","connection_name":"main"}
{"severity":"INFO","time":"2022-03-20T09:29:59.098Z","correlation_id":null,"message":"Checking state of dynamic postgres partitions","table_name":"web_hook_logs","connection_name":"main"}
{"severity":"DEBUG","time":"2022-03-20T09:29:59.162Z","correlation_id":null,"message":"Switched database connection","connection_name":"main"}
{"severity":"INFO","time":"2022-03-20T09:29:59.164Z","correlation_id":null,"message":"Checking state of dynamic postgres partitions","table_name":"loose_foreign_keys_deleted_records","connection_name":"main"}
{"severity":"DEBUG","time":"2022-03-20T09:29:59.238Z","correlation_id":null,"message":"Switched database connection","connection_name":"main"}
{"severity":"INFO","time":"2022-03-20T09:29:59.239Z","correlation_id":null,"message":"Checking state of dynamic postgres partitions","table_name":"batched_background_migration_job_transition_logs","connection_name":"main"}
{"severity":"DEBUG","time":"2022-03-20T09:29:59.308Z","correlation_id":null,"message":"Switched database connection","connection_name":"main"}
{"severity":"INFO","time":"2022-03-20T09:29:59.310Z","correlation_id":null,"message":"Checking state of dynamic postgres partitions","table_name":"incident_management_pending_alert_escalations","connection_name":"main"}
{"severity":"DEBUG","time":"2022-03-20T09:29:59.369Z","correlation_id":null,"message":"Switched database connection","connection_name":"main"}
{"severity":"INFO","time":"2022-03-20T09:29:59.369Z","correlation_id":null,"message":"Checking state of dynamic postgres partitions","table_name":"incident_management_pending_issue_escalations","connection_name":"main"}
{"severity":"DEBUG","time":"2022-03-20T09:29:59.431Z","correlation_id":null,"message":"Switched database connection","connection_name":"main"}
{"severity":"INFO","time":"2022-03-20T09:29:59.432Z","correlation_id":null,"message":"Checking state of dynamic postgres partitions","table_name":"verification_codes","connection_name":"main"}
{"severity":"INFO","time":"2022-03-20T09:29:59.493Z","correlation_id":null,"message":"Finished sync of dynamic postgres partitions"}
{"severity":"INFO","time":"2022-03-20T09:30:29.186Z","correlation_id":null,"message":"Syncing dynamic postgres partitions"}
{"severity":"DEBUG","time":"2022-03-20T09:30:29.209Z","correlation_id":null,"message":"Switched database connection","connection_name":"main"}
{"severity":"INFO","time":"2022-03-20T09:30:29.211Z","correlation_id":null,"message":"Checking state of dynamic postgres partitions","table_name":"audit_events","connection_name":"main"}
{"severity":"DEBUG","time":"2022-03-20T09:30:29.259Z","correlation_id":null,"message":"Switched database connection","connection_name":"main"}
{"severity":"INFO","time":"2022-03-20T09:30:29.259Z","correlation_id":null,"message":"Checking state of dynamic postgres partitions","table_name":"web_hook_logs","connection_name":"main"}
{"severity":"DEBUG","time":"2022-03-20T09:30:29.291Z","correlation_id":null,"message":"Switched database connection","connection_name":"main"}
{"severity":"INFO","time":"2022-03-20T09:30:29.291Z","correlation_id":null,"message":"Checking state of dynamic postgres partitions","table_name":"loose_foreign_keys_deleted_records","connection_name":"main"}
{"severity":"DEBUG","time":"2022-03-20T09:30:29.342Z","correlation_id":null,"message":"Switched database connection","connection_name":"main"}
{"severity":"INFO","time":"2022-03-20T09:30:29.343Z","correlation_id":null,"message":"Checking state of dynamic postgres partitions","table_name":"batched_background_migration_job_transition_logs","connection_name":"main"}
{"severity":"DEBUG","time":"2022-03-20T09:30:29.375Z","correlation_id":null,"message":"Switched database connection","connection_name":"main"}
{"severity":"INFO","time":"2022-03-20T09:30:29.375Z","correlation_id":null,"message":"Checking state of dynamic postgres partitions","table_name":"incident_management_pending_alert_escalations","connection_name":"main"}
{"severity":"DEBUG","time":"2022-03-20T09:30:29.405Z","correlation_id":null,"message":"Switched database connection","connection_name":"main"}
{"severity":"INFO","time":"2022-03-20T09:30:29.406Z","correlation_id":null,"message":"Checking state of dynamic postgres partitions","table_name":"incident_management_pending_issue_escalations","connection_name":"main"}
{"severity":"DEBUG","time":"2022-03-20T09:30:29.436Z","correlation_id":null,"message":"Switched database connection","connection_name":"main"}
{"severity":"INFO","time":"2022-03-20T09:30:29.436Z","correlation_id":null,"message":"Checking state of dynamic postgres partitions","table_name":"verification_codes","connection_name":"main"}
{"severity":"INFO","time":"2022-03-20T09:30:29.465Z","correlation_id":null,"message":"Finished sync of dynamic postgres partitions"}
{"severity":"INFO","time":"2022-03-20T09:30:36.455Z","correlation_id":null,"message":"Syncing dynamic postgres partitions"}
{"severity":"DEBUG","time":"2022-03-20T09:30:36.480Z","correlation_id":null,"message":"Switched database connection","connection_name":"main"}
{"severity":"INFO","time":"2022-03-20T09:30:36.482Z","correlation_id":null,"message":"Checking state of dynamic postgres partitions","table_name":"audit_events","connection_name":"main"}
{"severity":"DEBUG","time":"2022-03-20T09:30:36.548Z","correlation_id":null,"message":"Switched database connection","connection_name":"main"}
{"severity":"INFO","time":"2022-03-20T09:30:36.548Z","correlation_id":null,"message":"Checking state of dynamic postgres partitions","table_name":"web_hook_logs","connection_name":"main"}
{"severity":"DEBUG","time":"2022-03-20T09:30:36.596Z","correlation_id":null,"message":"Switched database connection","connection_name":"main"}
{"severity":"INFO","time":"2022-03-20T09:30:36.597Z","correlation_id":null,"message":"Checking state of dynamic postgres partitions","table_name":"loose_foreign_keys_deleted_records","connection_name":"main"}
{"severity":"DEBUG","time":"2022-03-20T09:30:36.637Z","correlation_id":null,"message":"Switched database connection","connection_name":"main"}
{"severity":"INFO","time":"2022-03-20T09:30:36.637Z","correlation_id":null,"message":"Checking state of dynamic postgres partitions","table_name":"batched_background_migration_job_transition_logs","connection_name":"main"}
{"severity":"DEBUG","time":"2022-03-20T09:30:36.671Z","correlation_id":null,"message":"Switched database connection","connection_name":"main"}
{"severity":"INFO","time":"2022-03-20T09:30:36.672Z","correlation_id":null,"message":"Checking state of dynamic postgres partitions","table_name":"incident_management_pending_alert_escalations","connection_name":"main"}
{"severity":"DEBUG","time":"2022-03-20T09:30:36.701Z","correlation_id":null,"message":"Switched database connection","connection_name":"main"}
{"severity":"INFO","time":"2022-03-20T09:30:36.702Z","correlation_id":null,"message":"Checking state of dynamic postgres partitions","table_name":"incident_management_pending_issue_escalations","connection_name":"main"}
{"severity":"DEBUG","time":"2022-03-20T09:30:36.731Z","correlation_id":null,"message":"Switched database connection","connection_name":"main"}
{"severity":"INFO","time":"2022-03-20T09:30:36.731Z","correlation_id":null,"message":"Checking state of dynamic postgres partitions","table_name":"verification_codes","connection_name":"main"}
{"severity":"INFO","time":"2022-03-20T09:30:36.760Z","correlation_id":null,"message":"Finished sync of dynamic postgres partitions"}
{"severity":"INFO","time":"2022-03-20T09:30:53.788Z","correlation_id":null,"message":"Application boot finished","runtime":"sidekiq","duration_s":41.14425456299978}
{"severity":"DEBUG","time":"2022-03-20T09:31:01.027Z","correlation_id":null,"message":"ActiveRecord connection disconnected"}
{"severity":"INFO","time":"2022-03-20T09:31:01.028Z","correlation_id":null,"message":"Application boot finished","runtime":"puma","duration_s":56.27435272600087}
{"severity":"DEBUG","time":"2022-03-20T09:31:02.323Z","correlation_id":null,"message":"ActiveRecord connection established"}
{"severity":"DEBUG","time":"2022-03-20T09:31:02.366Z","correlation_id":null,"message":"ActiveRecord connection established"}
{"severity":"DEBUG","time":"2022-03-20T09:31:02.400Z","correlation_id":null,"message":"ActiveRecord connection established"}
{"severity":"DEBUG","time":"2022-03-20T09:31:02.456Z","correlation_id":null,"message":"ActiveRecord connection established"}
{"severity":"DEBUG","time":"2022-03-20T09:31:19.484Z","correlation_id":null,"message":"ActiveRecord connection established"}
{"severity":"INFO","time":"2022-03-20T09:31:20.843Z","correlation_id":null,"message":"Syncing dynamic postgres partitions"}
{"severity":"DEBUG","time":"2022-03-20T09:31:20.854Z","correlation_id":null,"message":"Switched database connection","connection_name":"main"}
{"severity":"INFO","time":"2022-03-20T09:31:20.856Z","correlation_id":null,"message":"Checking state of dynamic postgres partitions","table_name":"audit_events","connection_name":"main"}
{"severity":"DEBUG","time":"2022-03-20T09:31:20.903Z","correlation_id":null,"message":"Switched database connection","connection_name":"main"}
{"severity":"INFO","time":"2022-03-20T09:31:20.904Z","correlation_id":null,"message":"Checking state of dynamic postgres partitions","table_name":"web_hook_logs","connection_name":"main"}
{"severity":"DEBUG","time":"2022-03-20T09:31:20.937Z","correlation_id":null,"message":"Switched database connection","connection_name":"main"}
{"severity":"INFO","time":"2022-03-20T09:31:20.937Z","correlation_id":null,"message":"Checking state of dynamic postgres partitions","table_name":"loose_foreign_keys_deleted_records","connection_name":"main"}
{"severity":"DEBUG","time":"2022-03-20T09:31:20.972Z","correlation_id":null,"message":"Switched database connection","connection_name":"main"}
{"severity":"INFO","time":"2022-03-20T09:31:20.972Z","correlation_id":null,"message":"Checking state of dynamic postgres partitions","table_name":"batched_background_migration_job_transition_logs","connection_name":"main"}
{"severity":"DEBUG","time":"2022-03-20T09:31:21.003Z","correlation_id":null,"message":"Switched database connection","connection_name":"main"}
{"severity":"INFO","time":"2022-03-20T09:31:21.004Z","correlation_id":null,"message":"Checking state of dynamic postgres partitions","table_name":"incident_management_pending_alert_escalations","connection_name":"main"}
{"severity":"DEBUG","time":"2022-03-20T09:31:21.034Z","correlation_id":null,"message":"Switched database connection","connection_name":"main"}
{"severity":"INFO","time":"2022-03-20T09:31:21.034Z","correlation_id":null,"message":"Checking state of dynamic postgres partitions","table_name":"incident_management_pending_issue_escalations","connection_name":"main"}
{"severity":"DEBUG","time":"2022-03-20T09:31:21.065Z","correlation_id":null,"message":"Switched database connection","connection_name":"main"}
{"severity":"INFO","time":"2022-03-20T09:31:21.065Z","correlation_id":null,"message":"Checking state of dynamic postgres partitions","table_name":"verification_codes","connection_name":"main"}
{"severity":"INFO","time":"2022-03-20T09:31:21.094Z","correlation_id":null,"message":"Finished sync of dynamic postgres partitions"}
{"severity":"DEBUG","time":"2022-03-20T09:32:11.967Z","correlation_id":null,"message":"ActiveRecord connection established"}
{"severity":"INFO","time":"2022-03-20T09:32:13.233Z","correlation_id":null,"message":"Syncing dynamic postgres partitions"}
{"severity":"DEBUG","time":"2022-03-20T09:32:13.245Z","correlation_id":null,"message":"Switched database connection","connection_name":"main"}
{"severity":"INFO","time":"2022-03-20T09:32:13.249Z","correlation_id":null,"message":"Checking state of dynamic postgres partitions","table_name":"audit_events","connection_name":"main"}
{"severity":"DEBUG","time":"2022-03-20T09:32:13.307Z","correlation_id":null,"message":"Switched database connection","connection_name":"main"}
{"severity":"INFO","time":"2022-03-20T09:32:13.307Z","correlation_id":null,"message":"Checking state of dynamic postgres partitions","table_name":"web_hook_logs","connection_name":"main"}
{"severity":"DEBUG","time":"2022-03-20T09:32:13.344Z","correlation_id":null,"message":"Switched database connection","connection_name":"main"}
{"severity":"INFO","time":"2022-03-20T09:32:13.345Z","correlation_id":null,"message":"Checking state of dynamic postgres partitions","table_name":"loose_foreign_keys_deleted_records","connection_name":"main"}
{"severity":"DEBUG","time":"2022-03-20T09:32:13.388Z","correlation_id":null,"message":"Switched database connection","connection_name":"main"}
{"severity":"INFO","time":"2022-03-20T09:32:13.389Z","correlation_id":null,"message":"Checking state of dynamic postgres partitions","table_name":"batched_background_migration_job_transition_logs","connection_name":"main"}
{"severity":"DEBUG","time":"2022-03-20T09:32:13.433Z","correlation_id":null,"message":"Switched database connection","connection_name":"main"}
{"severity":"INFO","time":"2022-03-20T09:32:13.433Z","correlation_id":null,"message":"Checking state of dynamic postgres partitions","table_name":"incident_management_pending_alert_escalations","connection_name":"main"}
{"severity":"DEBUG","time":"2022-03-20T09:32:13.471Z","correlation_id":null,"message":"Switched database connection","connection_name":"main"}
{"severity":"INFO","time":"2022-03-20T09:32:13.472Z","correlation_id":null,"message":"Checking state of dynamic postgres partitions","table_name":"incident_management_pending_issue_escalations","connection_name":"main"}
{"severity":"DEBUG","time":"2022-03-20T09:32:13.506Z","correlation_id":null,"message":"Switched database connection","connection_name":"main"}
{"severity":"INFO","time":"2022-03-20T09:32:13.506Z","correlation_id":null,"message":"Checking state of dynamic postgres partitions","table_name":"verification_codes","connection_name":"main"}
{"severity":"INFO","time":"2022-03-20T09:32:13.551Z","correlation_id":null,"message":"Finished sync of dynamic postgres partitions"}
{"severity":"INFO","time":"2022-03-20T09:34:10.316Z","correlation_id":"01FYKATKH30MFGJBXFSZS9YDV7","message":"Successful Login: username=root ip=118.69.128.53 method=standard admin=true"}
{"severity":"INFO","time":"2022-03-20T09:36:48.507Z","correlation_id":"01FYKAZDY0K12CCVYFKY3JPJ40","message":"User \"phuocpro1969\" (phuocpro1969@gmail.com) was created"}
{"severity":"INFO","time":"2022-03-20T10:00:03.028Z","correlation_id":"bce8e5861466f173f905f393e9796ef6","message":"Ci::StuckBuilds::DropPendingService: Cleaning pending timed-out builds"}
{"severity":"DEBUG","time":"2022-03-20T10:08:09.442Z","correlation_id":null,"message":"ActiveRecord connection established"}
{"severity":"INFO","time":"2022-03-20T10:08:10.760Z","correlation_id":null,"message":"Syncing dynamic postgres partitions"}
{"severity":"DEBUG","time":"2022-03-20T10:08:10.770Z","correlation_id":null,"message":"Switched database connection","connection_name":"main"}
{"severity":"INFO","time":"2022-03-20T10:08:10.772Z","correlation_id":null,"message":"Checking state of dynamic postgres partitions","table_name":"audit_events","connection_name":"main"}
{"severity":"DEBUG","time":"2022-03-20T10:08:10.817Z","correlation_id":null,"message":"Switched database connection","connection_name":"main"}
{"severity":"INFO","time":"2022-03-20T10:08:10.818Z","correlation_id":null,"message":"Checking state of dynamic postgres partitions","table_name":"web_hook_logs","connection_name":"main"}
{"severity":"DEBUG","time":"2022-03-20T10:08:10.861Z","correlation_id":null,"message":"Switched database connection","connection_name":"main"}
{"severity":"INFO","time":"2022-03-20T10:08:10.862Z","correlation_id":null,"message":"Checking state of dynamic postgres partitions","table_name":"loose_foreign_keys_deleted_records","connection_name":"main"}
{"severity":"DEBUG","time":"2022-03-20T10:08:10.917Z","correlation_id":null,"message":"Switched database connection","connection_name":"main"}
{"severity":"INFO","time":"2022-03-20T10:08:10.917Z","correlation_id":null,"message":"Checking state of dynamic postgres partitions","table_name":"batched_background_migration_job_transition_logs","connection_name":"main"}
{"severity":"DEBUG","time":"2022-03-20T10:08:10.953Z","correlation_id":null,"message":"Switched database connection","connection_name":"main"}
{"severity":"INFO","time":"2022-03-20T10:08:10.954Z","correlation_id":null,"message":"Checking state of dynamic postgres partitions","table_name":"incident_management_pending_alert_escalations","connection_name":"main"}
{"severity":"DEBUG","time":"2022-03-20T10:08:10.999Z","correlation_id":null,"message":"Switched database connection","connection_name":"main"}
{"severity":"INFO","time":"2022-03-20T10:08:11.000Z","correlation_id":null,"message":"Checking state of dynamic postgres partitions","table_name":"incident_management_pending_issue_escalations","connection_name":"main"}
{"severity":"DEBUG","time":"2022-03-20T10:08:11.030Z","correlation_id":null,"message":"Switched database connection","connection_name":"main"}
{"severity":"INFO","time":"2022-03-20T10:08:11.030Z","correlation_id":null,"message":"Checking state of dynamic postgres partitions","table_name":"verification_codes","connection_name":"main"}
{"severity":"INFO","time":"2022-03-20T10:08:11.064Z","correlation_id":null,"message":"Finished sync of dynamic postgres partitions"}
{"severity":"INFO","time":"2022-03-20T10:08:23.549Z","correlation_id":null,"message":"Application boot finished","runtime":"console","duration_s":33.26542411199989}
{"severity":"INFO","time":"2022-03-20T10:15:37.038Z","correlation_id":"01FYKD6FYMVHF7M5HV0QQQHH8T","message":"User \"Ghost User\" (ghost@example.com) was created"}
{"severity":"INFO","time":"2022-03-20T10:15:37.619Z","correlation_id":"01FYKD6FYMVHF7M5HV0QQQHH8T","message":"User \"phuocpro1969\" (phuocpro1969@gmail.com)  was removed"}
{"severity":"INFO","time":"2022-03-20T10:15:56.557Z","correlation_id":"01FYKD72Z1GMNGW99G98WACA5W","message":"User \"phuocpro1969\" (phuocpro1969@gmail.com) was created"}
{"severity":"ERROR","time":"2022-03-20T10:16:49.841Z","correlation_id":"01FYKD8QBBZ830792QTM3GJ1P6","message":"Cannot obtain an exclusive lease. There must be another instance already in execution."}
{"severity":"INFO","time":"2022-03-20T10:16:50.072Z","correlation_id":"01FYKD8QBBZ830792QTM3GJ1P6","message":"User \"phuocpro1969\" (phuocpro1969@gmail.com)  was removed"}
{"severity":"INFO","time":"2022-03-20T10:17:32.341Z","correlation_id":"01FYKDA0DNTBQRTGM7SXHMNB4K","message":"Administrator created a new project \"Administrator / Learn Ci\""}
{"severity":"INFO","time":"2022-03-20T10:17:33.029Z","correlation_id":"01FYKDA1FPEVKP6KABGC1M5B3C","message":"Updating statistics for project 2"}
{"severity":"INFO","time":"2022-03-20T10:17:33.162Z","correlation_id":"01FYKDA1FPEVKP6KABGC1M5B3C","message":"Updating statistics for project 2"}
{"severity":"INFO","time":"2022-03-20T10:17:47.683Z","correlation_id":"01FYKDAFSJVPZ0S5VNV06SMP4E","message":"Adding key (key-1): ssh-rsa AAAAB3NzaC1yc2EAAAADAQABAAABgQClc4uUrhPWI4TWddd1snhknApu4wRjrg2gVY55x4dIWoBguWQxUtgPyTAYJG6uoftkx1dhB9SE0w8TENKREFx685UkoZmwhyGM9X7fkb9Bv51Li+/pVRPzV6LHGF3Iq+OZdqG8JwXE7ftAhNghktJ9Jh3ZheMpNsMHdZzkTY3Vw7VIk7lyiD3SzoTZeD+cocFavi9dUwVuEQkrNHgoRO5ajNsiErldoOo/QGbz63gmGd8ikXXQctDBZVrAPWuqfJT4WL/DSs1+FBP2iIITqw4v0gQnAiYmJcZDk3Y6ZxNL/e1rMsN17le4I3fTG++pknOHDe5hOBK+xRVaZ9dgjw9GdYrmzJ8Suw5eVXZ0Gvv2Vo+UlmV1xoNPT0Nqqygd7Uzd1Z1KE71MtvWFeY7LdeJFYMuDRk+bzreXloEClNaTddYLThmmEjwHAt6k2G768l59xEXHl75jINyRiiKMwwYxFpYQz9Jrb+uzEiYWconMhYCP9/e29YsjuQg9Z6Rommk="}
{"severity":"INFO","time":"2022-03-20T10:20:05.245Z","correlation_id":"1dc0762a23b35e5cb2b2373a5284a3b9","message":"Ci::StuckBuilds::DropRunningService: Cleaning running, timed-out builds"}
{"severity":"INFO","time":"2022-03-20T10:22:06.892Z","correlation_id":"01FYKDJBAEN4HFQ6X4FW5TFNCD","message":"Pipeline authorized","project_id":2,"user_id":1}
{"severity":"ERROR","time":"2022-03-20T10:22:07.898Z","correlation_id":"01FYKDJBAEN4HFQ6X4FW5TFNCD","message":"Cannot obtain an exclusive lease for ci/pipeline_processing/atomic_processing_service::pipeline_id:1. There must be another instance already in execution."}
{"severity":"ERROR","time":"2022-03-20T10:22:08.135Z","correlation_id":"01FYKDJBAEN4HFQ6X4FW5TFNCD","message":"Cannot obtain an exclusive lease for ci/pipeline_processing/atomic_processing_service::pipeline_id:1. There must be another instance already in execution."}
{"severity":"ERROR","time":"2022-03-20T10:22:08.260Z","correlation_id":"01FYKDJBAEN4HFQ6X4FW5TFNCD","message":"Cannot obtain an exclusive lease for ci/pipeline_processing/atomic_processing_service::pipeline_id:1. There must be another instance already in execution."}
{"severity":"INFO","time":"2022-03-20T10:23:49.878Z","correlation_id":"01FYKDNHEX0E1CAE52P9GQ0W8K","message":"Successful Login: username=root ip=118.69.128.53 method=standard admin=true"}
{"severity":"ERROR","time":"2022-03-20T10:25:36.679Z","correlation_id":"01FYKDRSMJ911QWKTY713Z6A2P","message":"Cannot obtain an exclusive lease for ci/pipeline_processing/atomic_processing_service::pipeline_id:1. There must be another instance already in execution."}
{"severity":"ERROR","time":"2022-03-20T10:25:36.721Z","correlation_id":"01FYKDRSMJ911QWKTY713Z6A2P","message":"Cannot obtain an exclusive lease for ci/pipeline_processing/atomic_processing_service::pipeline_id:1. There must be another instance already in execution."}
{"severity":"ERROR","time":"2022-03-20T10:25:36.745Z","correlation_id":"01FYKDRSMJ911QWKTY713Z6A2P","message":"Cannot obtain an exclusive lease for ci/pipeline_processing/atomic_processing_service::pipeline_id:1. There must be another instance already in execution."}
{"severity":"ERROR","time":"2022-03-20T10:25:36.775Z","correlation_id":"01FYKDRSMJ911QWKTY713Z6A2P","message":"Cannot obtain an exclusive lease for ci/pipeline_processing/atomic_processing_service::pipeline_id:1. There must be another instance already in execution."}
{"severity":"INFO","time":"2022-03-20T10:32:36.252Z","correlation_id":"089bb4a35900c8057293cdcc1f41b1a2","message":"Updating statistics for project 2"}
{"severity":"INFO","time":"2022-03-20T10:32:36.253Z","correlation_id":"b472106f2b97cea25aa0655eee2a36e2","message":"Updating statistics for project 2"}
{"severity":"ERROR","time":"2022-03-20T10:32:36.324Z","correlation_id":"089bb4a35900c8057293cdcc1f41b1a2","message":"Cannot obtain an exclusive lease for namespace:namespaces_root_statistics:1. There must be another instance already in execution."}
{"severity":"INFO","time":"2022-03-20T10:40:06.519Z","correlation_id":"573ad59bbbb14ddd77c24167e498a86a","message":"Ci::StuckBuilds::DropScheduledService: Cleaning scheduled, timed-out builds"}
{"severity":"INFO","time":"2022-03-20T11:00:18.256Z","correlation_id":"8f3c91fca7827b7cd6a82a412664f24f","message":"Ci::StuckBuilds::DropPendingService: Cleaning pending timed-out builds"}
{"severity":"INFO","time":"2022-03-20T11:00:28.321Z","correlation_id":"01FYKFRMDBFZ71EA7W7H8SJH5Y","message":"Updating statistics for project 2"}
{"severity":"INFO","time":"2022-03-20T11:00:28.788Z","correlation_id":"01FYKFRMDBFZ71EA7W7H8SJH5Y","message":"Pipeline authorized","project_id":2,"user_id":1}
{"severity":"ERROR","time":"2022-03-20T11:00:29.491Z","correlation_id":"01FYKFRMDBFZ71EA7W7H8SJH5Y","message":"Cannot obtain an exclusive lease for ci/pipeline_processing/atomic_processing_service::pipeline_id:2. There must be another instance already in execution."}
{"severity":"ERROR","time":"2022-03-20T11:01:45.909Z","correlation_id":"01FYKFV01WKT3BV79GD2GKSWVM","message":"Cannot obtain an exclusive lease for ci/pipeline_processing/atomic_processing_service::pipeline_id:2. There must be another instance already in execution."}
{"severity":"ERROR","time":"2022-03-20T11:02:09.668Z","correlation_id":"01FYKFVQ7MMS8E129Y4SH36Y6E","message":"Cannot obtain an exclusive lease for ci/pipeline_processing/atomic_processing_service::pipeline_id:2. There must be another instance already in execution."}
{"severity":"ERROR","time":"2022-03-20T11:02:33.516Z","correlation_id":"01FYKFWECK63V5ZWXBXQ73WHQE","message":"Cannot obtain an exclusive lease for ci/pipeline_processing/atomic_processing_service::pipeline_id:2. There must be another instance already in execution."}
{"severity":"INFO","time":"2022-03-20T11:15:29.590Z","correlation_id":"0f8c82d775a7702b4878163116da2572","message":"Updating statistics for project 2"}
{"severity":"INFO","time":"2022-03-20T11:20:20.726Z","correlation_id":"528c96ca2d569b62973af1f76f87ae52","message":"Ci::StuckBuilds::DropRunningService: Cleaning running, timed-out builds"}
{"severity":"INFO","time":"2022-03-20T11:40:19.519Z","correlation_id":"c68465f733adcff96f47726b521404fb","message":"Ci::StuckBuilds::DropScheduledService: Cleaning scheduled, timed-out builds"}
{"severity":"INFO","time":"2022-03-20T11:45:03.058Z","correlation_id":"01FYKJA8FZE67NEK7JF4EHNNZX","message":"Updating statistics for project 2"}
{"severity":"INFO","time":"2022-03-20T11:45:03.484Z","correlation_id":"01FYKJA8FZE67NEK7JF4EHNNZX","message":"Pipeline authorized","project_id":2,"user_id":1}
{"severity":"ERROR","time":"2022-03-20T11:45:04.430Z","correlation_id":"01FYKJA8FZE67NEK7JF4EHNNZX","message":"Cannot obtain an exclusive lease for ci/pipeline_processing/atomic_processing_service::pipeline_id:3. There must be another instance already in execution."}
{"severity":"ERROR","time":"2022-03-20T11:46:14.174Z","correlation_id":"01FYKJCDR3YPEW80D1XJGTGPK2","message":"Cannot obtain an exclusive lease for ci/pipeline_processing/atomic_processing_service::pipeline_id:3. There must be another instance already in execution."}
{"severity":"ERROR","time":"2022-03-20T11:46:41.404Z","correlation_id":"01FYKJD8AN77C4SBTJ3HCX5KMD","message":"Cannot obtain an exclusive lease for ci/pipeline_processing/atomic_processing_service::pipeline_id:3. There must be another instance already in execution."}
{"severity":"ERROR","time":"2022-03-20T11:46:56.372Z","correlation_id":"01FYKJDPW14YVQDFVZRV06X7M7","message":"Cannot obtain an exclusive lease for ci/pipeline_processing/atomic_processing_service::pipeline_id:3. There must be another instance already in execution."}
{"severity":"ERROR","time":"2022-03-20T11:46:56.460Z","correlation_id":"01FYKJDPW14YVQDFVZRV06X7M7","message":"Cannot obtain an exclusive lease for ci/pipeline_processing/atomic_processing_service::pipeline_id:3. There must be another instance already in execution."}
{"severity":"ERROR","time":"2022-03-20T11:47:44.230Z","correlation_id":"01FYKJF5N3V5YP1YG6N16Y2MVH","message":"Cannot obtain an exclusive lease for ci/pipeline_processing/atomic_processing_service::pipeline_id:3. There must be another instance already in execution."}
{"severity":"ERROR","time":"2022-03-20T11:47:55.868Z","correlation_id":"01FYKJFGYTWEJD4J1G6Z0G8SEJ","message":"Cannot obtain an exclusive lease for ci/pipeline_processing/atomic_processing_service::pipeline_id:3. There must be another instance already in execution."}
{"severity":"ERROR","time":"2022-03-20T11:47:55.938Z","correlation_id":"01FYKJFGYTWEJD4J1G6Z0G8SEJ","message":"Cannot obtain an exclusive lease for ci/pipeline_processing/atomic_processing_service::pipeline_id:3. There must be another instance already in execution."}
{"severity":"ERROR","time":"2022-03-20T11:56:17.441Z","correlation_id":"01FYKJYTWT5GX8VVT3WB7WGD8D","message":"Cannot obtain an exclusive lease for ci/pipeline_processing/atomic_processing_service::pipeline_id:3. There must be another instance already in execution."}
{"severity":"ERROR","time":"2022-03-20T11:56:58.179Z","correlation_id":"01FYKK02PTKSFN7A6400SXT1H2","message":"Cannot obtain an exclusive lease for ci/pipeline_processing/atomic_processing_service::pipeline_id:3. There must be another instance already in execution."}
{"severity":"ERROR","time":"2022-03-20T11:56:58.232Z","correlation_id":"01FYKK02PTKSFN7A6400SXT1H2","message":"Cannot obtain an exclusive lease for ci/pipeline_processing/atomic_processing_service::pipeline_id:3. There must be another instance already in execution."}
{"severity":"INFO","time":"2022-03-20T12:00:03.580Z","correlation_id":"21ef52a92f9e12f566ca9161e0f43f57","message":"Updating statistics for project 2"}
{"severity":"ERROR","time":"2022-03-20T12:00:03.647Z","correlation_id":"21ef52a92f9e12f566ca9161e0f43f57","message":"Cannot obtain an exclusive lease for namespace:namespaces_root_statistics:1. There must be another instance already in execution."}
{"severity":"INFO","time":"2022-03-20T12:00:18.577Z","correlation_id":"5fcc452c3d59c6c74600c6861381f5be","message":"Ci::StuckBuilds::DropPendingService: Cleaning pending timed-out builds"}
{"severity":"ERROR","time":"2022-03-20T12:17:48.597Z","correlation_id":"01FYKM67P7CNXZ86KVYVG9R446","message":"Cannot obtain an exclusive lease for ci/pipeline_processing/atomic_processing_service::pipeline_id:3. There must be another instance already in execution."}
{"severity":"ERROR","time":"2022-03-20T12:17:48.606Z","correlation_id":"01FYKM67P7CNXZ86KVYVG9R446","message":"Cannot obtain an exclusive lease for ci/pipeline_processing/atomic_processing_service::pipeline_id:3. There must be another instance already in execution."}
{"severity":"ERROR","time":"2022-03-20T12:18:29.633Z","correlation_id":"01FYKM7FVCC0EGPQ2S9HZSA9KG","message":"Cannot obtain an exclusive lease for ci/pipeline_processing/atomic_processing_service::pipeline_id:3. There must be another instance already in execution."}
{"severity":"ERROR","time":"2022-03-20T12:18:29.720Z","correlation_id":"01FYKM7FVCC0EGPQ2S9HZSA9KG","message":"Cannot obtain an exclusive lease for ci/pipeline_processing/atomic_processing_service::pipeline_id:3. There must be another instance already in execution."}
{"severity":"ERROR","time":"2022-03-20T12:19:11.874Z","correlation_id":"01FYKM8S440RJECE873PAMXSDY","message":"Cannot obtain an exclusive lease for ci/pipeline_processing/atomic_processing_service::pipeline_id:3. There must be another instance already in execution."}
{"severity":"ERROR","time":"2022-03-20T12:19:53.089Z","correlation_id":"01FYKMA1D6HJV2VMP8BH25Z4B2","message":"Cannot obtain an exclusive lease for ci/pipeline_processing/atomic_processing_service::pipeline_id:3. There must be another instance already in execution."}
{"severity":"ERROR","time":"2022-03-20T12:19:53.126Z","correlation_id":"01FYKMA1D6HJV2VMP8BH25Z4B2","message":"Cannot obtain an exclusive lease for ci/pipeline_processing/atomic_processing_service::pipeline_id:3. There must be another instance already in execution."}
{"severity":"INFO","time":"2022-03-20T12:20:19.429Z","correlation_id":"5b0c9030345ecbd59e590a0dc8f41146","message":"Ci::StuckBuilds::DropRunningService: Cleaning running, timed-out builds"}
{"severity":"INFO","time":"2022-03-20T12:21:27.390Z","correlation_id":"b36042120b90ed71393f78580a37e206","message":"Syncing dynamic postgres partitions"}
{"severity":"DEBUG","time":"2022-03-20T12:21:27.393Z","correlation_id":"b36042120b90ed71393f78580a37e206","message":"Switched database connection","connection_name":"main"}
{"severity":"INFO","time":"2022-03-20T12:21:27.395Z","correlation_id":"b36042120b90ed71393f78580a37e206","message":"Checking state of dynamic postgres partitions","table_name":"audit_events","connection_name":"main"}
{"severity":"DEBUG","time":"2022-03-20T12:21:27.418Z","correlation_id":"b36042120b90ed71393f78580a37e206","message":"Switched database connection","connection_name":"main"}
{"severity":"INFO","time":"2022-03-20T12:21:27.418Z","correlation_id":"b36042120b90ed71393f78580a37e206","message":"Checking state of dynamic postgres partitions","table_name":"web_hook_logs","connection_name":"main"}
{"severity":"DEBUG","time":"2022-03-20T12:21:27.432Z","correlation_id":"b36042120b90ed71393f78580a37e206","message":"Switched database connection","connection_name":"main"}
{"severity":"INFO","time":"2022-03-20T12:21:27.433Z","correlation_id":"b36042120b90ed71393f78580a37e206","message":"Checking state of dynamic postgres partitions","table_name":"loose_foreign_keys_deleted_records","connection_name":"main"}
{"severity":"DEBUG","time":"2022-03-20T12:21:27.457Z","correlation_id":"b36042120b90ed71393f78580a37e206","message":"Switched database connection","connection_name":"main"}
{"severity":"INFO","time":"2022-03-20T12:21:27.457Z","correlation_id":"b36042120b90ed71393f78580a37e206","message":"Checking state of dynamic postgres partitions","table_name":"batched_background_migration_job_transition_logs","connection_name":"main"}
{"severity":"DEBUG","time":"2022-03-20T12:21:27.472Z","correlation_id":"b36042120b90ed71393f78580a37e206","message":"Switched database connection","connection_name":"main"}
{"severity":"INFO","time":"2022-03-20T12:21:27.473Z","correlation_id":"b36042120b90ed71393f78580a37e206","message":"Checking state of dynamic postgres partitions","table_name":"incident_management_pending_alert_escalations","connection_name":"main"}
{"severity":"DEBUG","time":"2022-03-20T12:21:27.493Z","correlation_id":"b36042120b90ed71393f78580a37e206","message":"Switched database connection","connection_name":"main"}
{"severity":"INFO","time":"2022-03-20T12:21:27.494Z","correlation_id":"b36042120b90ed71393f78580a37e206","message":"Checking state of dynamic postgres partitions","table_name":"incident_management_pending_issue_escalations","connection_name":"main"}
{"severity":"DEBUG","time":"2022-03-20T12:21:27.516Z","correlation_id":"b36042120b90ed71393f78580a37e206","message":"Switched database connection","connection_name":"main"}
{"severity":"INFO","time":"2022-03-20T12:21:27.517Z","correlation_id":"b36042120b90ed71393f78580a37e206","message":"Checking state of dynamic postgres partitions","table_name":"verification_codes","connection_name":"main"}
{"severity":"INFO","time":"2022-03-20T12:21:27.536Z","correlation_id":"b36042120b90ed71393f78580a37e206","message":"Finished sync of dynamic postgres partitions"}
{"severity":"DEBUG","time":"2022-03-20T12:21:27.537Z","correlation_id":"b36042120b90ed71393f78580a37e206","message":"Switched database connection","connection_name":"main"}
{"severity":"DEBUG","time":"2022-03-20T12:21:27.544Z","correlation_id":"b36042120b90ed71393f78580a37e206","message":"Switched database connection","connection_name":"main"}
{"severity":"DEBUG","time":"2022-03-20T12:21:27.552Z","correlation_id":"b36042120b90ed71393f78580a37e206","message":"Switched database connection","connection_name":"main"}
{"severity":"DEBUG","time":"2022-03-20T12:21:27.556Z","correlation_id":"b36042120b90ed71393f78580a37e206","message":"Switched database connection","connection_name":"main"}
{"severity":"INFO","time":"2022-03-20T12:37:47.998Z","correlation_id":"01FYKNAV7R8D10ZKEHGM00FQSG","message":"Updating statistics for project 2"}
{"severity":"INFO","time":"2022-03-20T12:37:48.454Z","correlation_id":"01FYKNAV7R8D10ZKEHGM00FQSG","message":"Pipeline authorized","project_id":2,"user_id":1}
{"severity":"ERROR","time":"2022-03-20T12:37:49.276Z","correlation_id":"01FYKNAV7R8D10ZKEHGM00FQSG","message":"Cannot obtain an exclusive lease for ci/pipeline_processing/atomic_processing_service::pipeline_id:4. There must be another instance already in execution."}
{"severity":"ERROR","time":"2022-03-20T12:39:40.130Z","correlation_id":"01FYKNE8HW6PPEHRCXA9WAEM4M","message":"Cannot obtain an exclusive lease for ci/pipeline_processing/atomic_processing_service::pipeline_id:4. There must be another instance already in execution."}
{"severity":"INFO","time":"2022-03-20T12:40:18.600Z","correlation_id":"711c1afcb2c3d90ec3e623306ea957a7","message":"Ci::StuckBuilds::DropScheduledService: Cleaning scheduled, timed-out builds"}
{"severity":"ERROR","time":"2022-03-20T12:40:36.716Z","correlation_id":"01FYKNFZTBFW14SRPTCFPZV3JQ","message":"Cannot obtain an exclusive lease for ci/pipeline_processing/atomic_processing_service::pipeline_id:4. There must be another instance already in execution."}
{"severity":"ERROR","time":"2022-03-20T12:41:23.960Z","correlation_id":"01FYKNHDTE3XFYT7XKYN5486NQ","message":"Cannot obtain an exclusive lease for ci/pipeline_processing/atomic_processing_service::pipeline_id:4. There must be another instance already in execution."}
{"severity":"ERROR","time":"2022-03-20T12:41:24.066Z","correlation_id":"01FYKNHDTE3XFYT7XKYN5486NQ","message":"Cannot obtain an exclusive lease for ci/pipeline_processing/atomic_processing_service::pipeline_id:4. There must be another instance already in execution."}
{"severity":"ERROR","time":"2022-03-20T12:42:05.233Z","correlation_id":"01FYKNJP87JY45KXEM439MWF56","message":"Cannot obtain an exclusive lease for ci/pipeline_processing/atomic_processing_service::pipeline_id:4. There must be another instance already in execution."}
{"severity":"ERROR","time":"2022-03-20T12:42:05.330Z","correlation_id":"01FYKNJP87JY45KXEM439MWF56","message":"Cannot obtain an exclusive lease for ci/pipeline_processing/atomic_processing_service::pipeline_id:4. There must be another instance already in execution."}
{"severity":"INFO","time":"2022-03-20T12:45:11.895Z","correlation_id":"63d67efe3799511515aaed63ff32c84b","message":"Dropping detached postgres partitions"}
{"severity":"DEBUG","time":"2022-03-20T12:45:11.901Z","correlation_id":"63d67efe3799511515aaed63ff32c84b","message":"Switched database connection","connection_name":"main"}
{"severity":"INFO","time":"2022-03-20T12:45:11.904Z","correlation_id":"63d67efe3799511515aaed63ff32c84b","message":"Checking for previously detached partitions to drop"}
{"severity":"INFO","time":"2022-03-20T12:45:11.935Z","correlation_id":"63d67efe3799511515aaed63ff32c84b","message":"Finished dropping detached postgres partitions"}
{"severity":"DEBUG","time":"2022-03-20T12:45:11.936Z","correlation_id":"63d67efe3799511515aaed63ff32c84b","message":"Switched database connection","connection_name":"main"}
{"severity":"DEBUG","time":"2022-03-20T12:45:11.950Z","correlation_id":"63d67efe3799511515aaed63ff32c84b","message":"Switched database connection","connection_name":"main"}
{"severity":"DEBUG","time":"2022-03-20T12:45:11.965Z","correlation_id":"63d67efe3799511515aaed63ff32c84b","message":"Switched database connection","connection_name":"main"}
{"severity":"DEBUG","time":"2022-03-20T12:45:11.985Z","correlation_id":"63d67efe3799511515aaed63ff32c84b","message":"Switched database connection","connection_name":"main"}
{"severity":"ERROR","time":"2022-03-20T12:46:17.772Z","correlation_id":"01FYKNTCWZ6Q95EFKTFAFF7YRP","message":"Cannot obtain an exclusive lease for ci/pipeline_processing/atomic_processing_service::pipeline_id:4. There must be another instance already in execution."}
{"severity":"ERROR","time":"2022-03-20T12:46:17.819Z","correlation_id":"01FYKNTCWZ6Q95EFKTFAFF7YRP","message":"Cannot obtain an exclusive lease for ci/pipeline_processing/atomic_processing_service::pipeline_id:4. There must be another instance already in execution."}
{"severity":"ERROR","time":"2022-03-20T12:46:59.217Z","correlation_id":"01FYKNVNCY02DQY1H047FZN7E2","message":"Cannot obtain an exclusive lease for ci/pipeline_processing/atomic_processing_service::pipeline_id:4. There must be another instance already in execution."}
{"severity":"ERROR","time":"2022-03-20T12:46:59.256Z","correlation_id":"01FYKNVNCY02DQY1H047FZN7E2","message":"Cannot obtain an exclusive lease for ci/pipeline_processing/atomic_processing_service::pipeline_id:4. There must be another instance already in execution."}
{"severity":"ERROR","time":"2022-03-20T12:48:05.522Z","correlation_id":"01FYKNXP5VP3QTDEAV4QGM62PQ","message":"Cannot obtain an exclusive lease for ci/pipeline_processing/atomic_processing_service::pipeline_id:4. There must be another instance already in execution."}
{"severity":"ERROR","time":"2022-03-20T12:48:05.555Z","correlation_id":"01FYKNXP5VP3QTDEAV4QGM62PQ","message":"Cannot obtain an exclusive lease for ci/pipeline_processing/atomic_processing_service::pipeline_id:4. There must be another instance already in execution."}
{"severity":"ERROR","time":"2022-03-20T12:48:47.418Z","correlation_id":"01FYKNYYVJ9RVKN4GCRN1K0HRB","message":"Cannot obtain an exclusive lease for ci/pipeline_processing/atomic_processing_service::pipeline_id:4. There must be another instance already in execution."}
{"severity":"ERROR","time":"2022-03-20T12:48:47.461Z","correlation_id":"01FYKNYYVJ9RVKN4GCRN1K0HRB","message":"Cannot obtain an exclusive lease for ci/pipeline_processing/atomic_processing_service::pipeline_id:4. There must be another instance already in execution."}
{"severity":"ERROR","time":"2022-03-20T12:49:33.274Z","correlation_id":"01FYKP0BSXVVJ8R7VGWVWCK5B4","message":"Cannot obtain an exclusive lease for ci/pipeline_processing/atomic_processing_service::pipeline_id:4. There must be another instance already in execution."}
{"severity":"ERROR","time":"2022-03-20T12:49:33.296Z","correlation_id":"01FYKP0BSXVVJ8R7VGWVWCK5B4","message":"Cannot obtain an exclusive lease for ci/pipeline_processing/atomic_processing_service::pipeline_id:4. There must be another instance already in execution."}
{"severity":"ERROR","time":"2022-03-20T12:50:20.457Z","correlation_id":"01FYKP1SWSQRW97WAVA6X8EEVJ","message":"Cannot obtain an exclusive lease for ci/pipeline_processing/atomic_processing_service::pipeline_id:4. There must be another instance already in execution."}
{"severity":"ERROR","time":"2022-03-20T12:50:20.508Z","correlation_id":"01FYKP1SWSQRW97WAVA6X8EEVJ","message":"Cannot obtain an exclusive lease for ci/pipeline_processing/atomic_processing_service::pipeline_id:4. There must be another instance already in execution."}
{"severity":"ERROR","time":"2022-03-20T12:52:08.602Z","correlation_id":"01FYKP53H67Z7XAMKCR086BNE4","message":"Cannot obtain an exclusive lease for ci/pipeline_processing/atomic_processing_service::pipeline_id:4. There must be another instance already in execution."}
{"severity":"ERROR","time":"2022-03-20T12:52:08.625Z","correlation_id":"01FYKP53H67Z7XAMKCR086BNE4","message":"Cannot obtain an exclusive lease for ci/pipeline_processing/atomic_processing_service::pipeline_id:4. There must be another instance already in execution."}
{"severity":"INFO","time":"2022-03-20T12:52:53.886Z","correlation_id":"f51cf1a3bef740f04356538e6b659e48","message":"Updating statistics for project 2"}
{"severity":"ERROR","time":"2022-03-20T12:53:01.226Z","correlation_id":"01FYKP6PX8WA89BR3ECXPFB20V","message":"Cannot obtain an exclusive lease for ci/pipeline_processing/atomic_processing_service::pipeline_id:4. There must be another instance already in execution."}
{"severity":"ERROR","time":"2022-03-20T12:53:45.926Z","correlation_id":"01FYKP82J05C3THGGV2S14P8JA","message":"Cannot obtain an exclusive lease for ci/pipeline_processing/atomic_processing_service::pipeline_id:4. There must be another instance already in execution."}
{"severity":"ERROR","time":"2022-03-20T12:54:29.561Z","correlation_id":"01FYKP9CY094CRTMB245DP44BN","message":"Cannot obtain an exclusive lease for ci/pipeline_processing/atomic_processing_service::pipeline_id:4. There must be another instance already in execution."}
{"severity":"INFO","time":"2022-03-20T13:00:28.485Z","correlation_id":"5b63cebf6cbc49fc9a29b556f01807c3","message":"Ci::StuckBuilds::DropPendingService: Cleaning pending timed-out builds"}
{"severity":"ERROR","time":"2022-03-20T13:16:27.893Z","correlation_id":"01FYKQHMNP5WRANSG9WJJ0XCJG","message":"Cannot obtain an exclusive lease for ci/pipeline_processing/atomic_processing_service::pipeline_id:4. There must be another instance already in execution."}
{"severity":"ERROR","time":"2022-03-20T13:17:08.037Z","correlation_id":"01FYKQJVSBN3MD7AV8JY1KZQ56","message":"Cannot obtain an exclusive lease for ci/pipeline_processing/atomic_processing_service::pipeline_id:4. There must be another instance already in execution."}
{"severity":"INFO","time":"2022-03-20T13:18:49.727Z","correlation_id":"01FYKQNZ9D8MW6XYJYN6WQHKYZ","message":"Updating statistics for project 2"}
{"severity":"INFO","time":"2022-03-20T13:18:50.200Z","correlation_id":"01FYKQNZ9D8MW6XYJYN6WQHKYZ","message":"Pipeline authorized","project_id":2,"user_id":1}
{"severity":"ERROR","time":"2022-03-20T13:18:51.171Z","correlation_id":"01FYKQNZ9D8MW6XYJYN6WQHKYZ","message":"Cannot obtain an exclusive lease for ci/pipeline_processing/atomic_processing_service::pipeline_id:5. There must be another instance already in execution."}
{"severity":"INFO","time":"2022-03-20T13:20:30.373Z","correlation_id":"0e6626e5ed837f1351a43119e24a0d03","message":"Ci::StuckBuilds::DropRunningService: Cleaning running, timed-out builds"}
{"severity":"ERROR","time":"2022-03-20T13:20:31.838Z","correlation_id":"01FYKQS2VS1FH41YFHJH9QS4BW","message":"Cannot obtain an exclusive lease for ci/pipeline_processing/atomic_processing_service::pipeline_id:5. There must be another instance already in execution."}
{"severity":"ERROR","time":"2022-03-20T13:21:28.712Z","correlation_id":"01FYKQTTB3AZHK7GKEKTMAW9WS","message":"Cannot obtain an exclusive lease for ci/pipeline_processing/atomic_processing_service::pipeline_id:5. There must be another instance already in execution."}
{"severity":"ERROR","time":"2022-03-20T13:22:15.344Z","correlation_id":"01FYKQW7SJC773CK8CTW59DS99","message":"Cannot obtain an exclusive lease for ci/pipeline_processing/atomic_processing_service::pipeline_id:5. There must be another instance already in execution."}
{"severity":"ERROR","time":"2022-03-20T13:22:15.437Z","correlation_id":"01FYKQW7SJC773CK8CTW59DS99","message":"Cannot obtain an exclusive lease for ci/pipeline_processing/atomic_processing_service::pipeline_id:5. There must be another instance already in execution."}
{"severity":"ERROR","time":"2022-03-20T13:23:03.189Z","correlation_id":"01FYKQXP67W9D9ZEE1FAVZQQ1E","message":"Cannot obtain an exclusive lease for ci/pipeline_processing/atomic_processing_service::pipeline_id:5. There must be another instance already in execution."}
{"severity":"ERROR","time":"2022-03-20T13:23:45.190Z","correlation_id":"01FYKQYZP04G20YFNF8NNAMGYX","message":"Cannot obtain an exclusive lease for ci/pipeline_processing/atomic_processing_service::pipeline_id:5. There must be another instance already in execution."}
{"severity":"ERROR","time":"2022-03-20T13:24:32.054Z","correlation_id":"01FYKR0DB3DZZ85JDQGDXSDAR4","message":"Cannot obtain an exclusive lease for ci/pipeline_processing/atomic_processing_service::pipeline_id:5. There must be another instance already in execution."}
{"severity":"INFO","time":"2022-03-20T13:33:54.422Z","correlation_id":"0f5f3c519959bb120ee4bbbd28d859c8","message":"Updating statistics for project 2"}
{"severity":"ERROR","time":"2022-03-20T13:33:54.485Z","correlation_id":"0f5f3c519959bb120ee4bbbd28d859c8","message":"Cannot obtain an exclusive lease for namespace:namespaces_root_statistics:1. There must be another instance already in execution."}
{"severity":"INFO","time":"2022-03-20T13:40:31.053Z","correlation_id":"bc32b127ccd5231fe7ccea6ff327685a","message":"Ci::StuckBuilds::DropScheduledService: Cleaning scheduled, timed-out builds"}
