# Logfile created on 2022-03-20 09:29:10 +0000 by logger.rb/v1.4.2
2022-03-20T09:29:10.630Z: ActiveRecord connection established
2022-03-20T09:29:11.167Z: {:message=>"Syncing dynamic postgres partitions"}
2022-03-20T09:29:11.176Z: {:message=>"Switched database connection", :connection_name=>"main"}
2022-03-20T09:29:11.178Z: {:message=>"Checking state of dynamic postgres partitions", :table_name=>"audit_events", :connection_name=>"main"}
2022-03-20T09:29:11.181Z: {:message=>"Switched database connection", :connection_name=>"main"}
2022-03-20T09:29:11.181Z: {:message=>"Checking state of dynamic postgres partitions", :table_name=>"web_hook_logs", :connection_name=>"main"}
2022-03-20T09:29:11.183Z: {:message=>"Switched database connection", :connection_name=>"main"}
2022-03-20T09:29:11.183Z: {:message=>"Checking state of dynamic postgres partitions", :table_name=>"loose_foreign_keys_deleted_records", :connection_name=>"main"}
2022-03-20T09:29:11.185Z: {:message=>"Switched database connection", :connection_name=>"main"}
2022-03-20T09:29:11.185Z: {:message=>"Checking state of dynamic postgres partitions", :table_name=>"batched_background_migration_job_transition_logs", :connection_name=>"main"}
2022-03-20T09:29:11.186Z: {:message=>"Switched database connection", :connection_name=>"main"}
2022-03-20T09:29:11.187Z: {:message=>"Checking state of dynamic postgres partitions", :table_name=>"incident_management_pending_alert_escalations", :connection_name=>"main"}
2022-03-20T09:29:11.188Z: {:message=>"Switched database connection", :connection_name=>"main"}
2022-03-20T09:29:11.188Z: {:message=>"Checking state of dynamic postgres partitions", :table_name=>"incident_management_pending_issue_escalations", :connection_name=>"main"}
2022-03-20T09:29:11.190Z: {:message=>"Switched database connection", :connection_name=>"main"}
2022-03-20T09:29:11.190Z: {:message=>"Checking state of dynamic postgres partitions", :table_name=>"verification_codes", :connection_name=>"main"}
2022-03-20T09:29:11.191Z: {:message=>"Finished sync of dynamic postgres partitions"}
2022-03-20T09:29:29.212Z: {:message=>"Syncing dynamic postgres partitions"}
2022-03-20T09:29:29.222Z: {:message=>"Switched database connection", :connection_name=>"main"}
2022-03-20T09:29:29.223Z: {:message=>"Checking state of dynamic postgres partitions", :table_name=>"audit_events", :connection_name=>"main"}
2022-03-20T09:29:29.289Z: {:method=>"with_lock_retries", :class=>"Gitlab::Database::Partitioning::PartitionManager", :message=>"Lock timeout is set", :current_iteration=>1, :lock_timeout_in_ms=>100}
2022-03-20T09:29:29.315Z: {:message=>"Created partition", :partition_name=>"audit_events_000000", :table_name=>"audit_events"}
2022-03-20T09:29:29.336Z: {:message=>"Created partition", :partition_name=>"audit_events_202203", :table_name=>"audit_events"}
2022-03-20T09:29:29.353Z: {:message=>"Created partition", :partition_name=>"audit_events_202204", :table_name=>"audit_events"}
2022-03-20T09:29:29.370Z: {:message=>"Created partition", :partition_name=>"audit_events_202205", :table_name=>"audit_events"}
2022-03-20T09:29:29.387Z: {:message=>"Created partition", :partition_name=>"audit_events_202206", :table_name=>"audit_events"}
2022-03-20T09:29:29.402Z: {:message=>"Created partition", :partition_name=>"audit_events_202207", :table_name=>"audit_events"}
2022-03-20T09:29:29.419Z: {:message=>"Created partition", :partition_name=>"audit_events_202208", :table_name=>"audit_events"}
2022-03-20T09:29:29.437Z: {:message=>"Created partition", :partition_name=>"audit_events_202209", :table_name=>"audit_events"}
2022-03-20T09:29:29.438Z: {:method=>"with_lock_retries", :class=>"Gitlab::Database::Partitioning::PartitionManager", :message=>"Migration finished", :current_iteration=>1, :lock_timeout_in_ms=>100}
2022-03-20T09:29:29.478Z: {:message=>"Switched database connection", :connection_name=>"main"}
2022-03-20T09:29:29.479Z: {:message=>"Checking state of dynamic postgres partitions", :table_name=>"web_hook_logs", :connection_name=>"main"}
2022-03-20T09:29:29.526Z: {:method=>"with_lock_retries", :class=>"Gitlab::Database::Partitioning::PartitionManager", :message=>"Lock timeout is set", :current_iteration=>1, :lock_timeout_in_ms=>100}
2022-03-20T09:29:29.547Z: {:message=>"Created partition", :partition_name=>"web_hook_logs_202112", :table_name=>"web_hook_logs"}
2022-03-20T09:29:29.564Z: {:message=>"Created partition", :partition_name=>"web_hook_logs_202201", :table_name=>"web_hook_logs"}
2022-03-20T09:29:29.580Z: {:message=>"Created partition", :partition_name=>"web_hook_logs_202202", :table_name=>"web_hook_logs"}
2022-03-20T09:29:29.597Z: {:message=>"Created partition", :partition_name=>"web_hook_logs_202203", :table_name=>"web_hook_logs"}
2022-03-20T09:29:29.614Z: {:message=>"Created partition", :partition_name=>"web_hook_logs_202204", :table_name=>"web_hook_logs"}
2022-03-20T09:29:29.633Z: {:message=>"Created partition", :partition_name=>"web_hook_logs_202205", :table_name=>"web_hook_logs"}
2022-03-20T09:29:29.651Z: {:message=>"Created partition", :partition_name=>"web_hook_logs_202206", :table_name=>"web_hook_logs"}
2022-03-20T09:29:29.669Z: {:message=>"Created partition", :partition_name=>"web_hook_logs_202207", :table_name=>"web_hook_logs"}
2022-03-20T09:29:29.686Z: {:message=>"Created partition", :partition_name=>"web_hook_logs_202208", :table_name=>"web_hook_logs"}
2022-03-20T09:29:29.702Z: {:message=>"Created partition", :partition_name=>"web_hook_logs_202209", :table_name=>"web_hook_logs"}
2022-03-20T09:29:29.704Z: {:method=>"with_lock_retries", :class=>"Gitlab::Database::Partitioning::PartitionManager", :message=>"Migration finished", :current_iteration=>1, :lock_timeout_in_ms=>100}
2022-03-20T09:29:29.734Z: {:message=>"Switched database connection", :connection_name=>"main"}
2022-03-20T09:29:29.736Z: {:message=>"Checking state of dynamic postgres partitions", :table_name=>"loose_foreign_keys_deleted_records", :connection_name=>"main"}
2022-03-20T09:29:29.765Z: {:method=>"with_lock_retries", :class=>"Gitlab::Database::Partitioning::PartitionManager", :message=>"Lock timeout is set", :current_iteration=>1, :lock_timeout_in_ms=>100}
2022-03-20T09:29:29.781Z: {:message=>"Created partition", :partition_name=>"loose_foreign_keys_deleted_records_1", :table_name=>"loose_foreign_keys_deleted_records"}
2022-03-20T09:29:29.800Z: {:method=>"with_lock_retries", :class=>"Gitlab::Database::Partitioning::PartitionManager", :message=>"Migration finished", :current_iteration=>1, :lock_timeout_in_ms=>100}
2022-03-20T09:29:29.823Z: {:message=>"Switched database connection", :connection_name=>"main"}
2022-03-20T09:29:29.825Z: {:message=>"Checking state of dynamic postgres partitions", :table_name=>"batched_background_migration_job_transition_logs", :connection_name=>"main"}
2022-03-20T09:29:29.871Z: {:method=>"with_lock_retries", :class=>"Gitlab::Database::Partitioning::PartitionManager", :message=>"Lock timeout is set", :current_iteration=>1, :lock_timeout_in_ms=>100}
2022-03-20T09:29:29.889Z: {:message=>"Created partition", :partition_name=>"batched_background_migration_job_transition_logs_202109", :table_name=>"batched_background_migration_job_transition_logs"}
2022-03-20T09:29:29.903Z: {:message=>"Created partition", :partition_name=>"batched_background_migration_job_transition_logs_202110", :table_name=>"batched_background_migration_job_transition_logs"}
2022-03-20T09:29:29.919Z: {:message=>"Created partition", :partition_name=>"batched_background_migration_job_transition_logs_202111", :table_name=>"batched_background_migration_job_transition_logs"}
2022-03-20T09:29:29.933Z: {:message=>"Created partition", :partition_name=>"batched_background_migration_job_transition_logs_202112", :table_name=>"batched_background_migration_job_transition_logs"}
2022-03-20T09:29:29.948Z: {:message=>"Created partition", :partition_name=>"batched_background_migration_job_transition_logs_202201", :table_name=>"batched_background_migration_job_transition_logs"}
2022-03-20T09:29:29.964Z: {:message=>"Created partition", :partition_name=>"batched_background_migration_job_transition_logs_202202", :table_name=>"batched_background_migration_job_transition_logs"}
2022-03-20T09:29:29.980Z: {:message=>"Created partition", :partition_name=>"batched_background_migration_job_transition_logs_202203", :table_name=>"batched_background_migration_job_transition_logs"}
2022-03-20T09:29:29.995Z: {:message=>"Created partition", :partition_name=>"batched_background_migration_job_transition_logs_202204", :table_name=>"batched_background_migration_job_transition_logs"}
2022-03-20T09:29:30.011Z: {:message=>"Created partition", :partition_name=>"batched_background_migration_job_transition_logs_202205", :table_name=>"batched_background_migration_job_transition_logs"}
2022-03-20T09:29:30.027Z: {:message=>"Created partition", :partition_name=>"batched_background_migration_job_transition_logs_202206", :table_name=>"batched_background_migration_job_transition_logs"}
2022-03-20T09:29:30.042Z: {:message=>"Created partition", :partition_name=>"batched_background_migration_job_transition_logs_202207", :table_name=>"batched_background_migration_job_transition_logs"}
2022-03-20T09:29:30.056Z: {:message=>"Created partition", :partition_name=>"batched_background_migration_job_transition_logs_202208", :table_name=>"batched_background_migration_job_transition_logs"}
2022-03-20T09:29:30.071Z: {:message=>"Created partition", :partition_name=>"batched_background_migration_job_transition_logs_202209", :table_name=>"batched_background_migration_job_transition_logs"}
2022-03-20T09:29:30.072Z: {:method=>"with_lock_retries", :class=>"Gitlab::Database::Partitioning::PartitionManager", :message=>"Migration finished", :current_iteration=>1, :lock_timeout_in_ms=>100}
2022-03-20T09:29:30.102Z: {:message=>"Switched database connection", :connection_name=>"main"}
2022-03-20T09:29:30.103Z: {:message=>"Checking state of dynamic postgres partitions", :table_name=>"incident_management_pending_alert_escalations", :connection_name=>"main"}
2022-03-20T09:29:30.155Z: {:method=>"with_lock_retries", :class=>"Gitlab::Database::Partitioning::PartitionManager", :message=>"Lock timeout is set", :current_iteration=>1, :lock_timeout_in_ms=>100}
2022-03-20T09:29:30.172Z: {:message=>"Created partition", :partition_name=>"incident_management_pending_alert_escalations_000000", :table_name=>"incident_management_pending_alert_escalations"}
2022-03-20T09:29:30.189Z: {:message=>"Created partition", :partition_name=>"incident_management_pending_alert_escalations_202203", :table_name=>"incident_management_pending_alert_escalations"}
2022-03-20T09:29:30.202Z: {:message=>"Created partition", :partition_name=>"incident_management_pending_alert_escalations_202204", :table_name=>"incident_management_pending_alert_escalations"}
2022-03-20T09:29:30.217Z: {:message=>"Created partition", :partition_name=>"incident_management_pending_alert_escalations_202205", :table_name=>"incident_management_pending_alert_escalations"}
2022-03-20T09:29:30.232Z: {:message=>"Created partition", :partition_name=>"incident_management_pending_alert_escalations_202206", :table_name=>"incident_management_pending_alert_escalations"}
2022-03-20T09:29:30.247Z: {:message=>"Created partition", :partition_name=>"incident_management_pending_alert_escalations_202207", :table_name=>"incident_management_pending_alert_escalations"}
2022-03-20T09:29:30.260Z: {:message=>"Created partition", :partition_name=>"incident_management_pending_alert_escalations_202208", :table_name=>"incident_management_pending_alert_escalations"}
2022-03-20T09:29:30.276Z: {:message=>"Created partition", :partition_name=>"incident_management_pending_alert_escalations_202209", :table_name=>"incident_management_pending_alert_escalations"}
2022-03-20T09:29:30.277Z: {:method=>"with_lock_retries", :class=>"Gitlab::Database::Partitioning::PartitionManager", :message=>"Migration finished", :current_iteration=>1, :lock_timeout_in_ms=>100}
2022-03-20T09:29:30.307Z: {:message=>"Switched database connection", :connection_name=>"main"}
2022-03-20T09:29:30.308Z: {:message=>"Checking state of dynamic postgres partitions", :table_name=>"incident_management_pending_issue_escalations", :connection_name=>"main"}
2022-03-20T09:29:30.369Z: {:method=>"with_lock_retries", :class=>"Gitlab::Database::Partitioning::PartitionManager", :message=>"Lock timeout is set", :current_iteration=>1, :lock_timeout_in_ms=>100}
2022-03-20T09:29:30.386Z: {:message=>"Created partition", :partition_name=>"incident_management_pending_issue_escalations_000000", :table_name=>"incident_management_pending_issue_escalations"}
2022-03-20T09:29:30.405Z: {:message=>"Created partition", :partition_name=>"incident_management_pending_issue_escalations_202203", :table_name=>"incident_management_pending_issue_escalations"}
2022-03-20T09:29:30.421Z: {:message=>"Created partition", :partition_name=>"incident_management_pending_issue_escalations_202204", :table_name=>"incident_management_pending_issue_escalations"}
2022-03-20T09:29:30.440Z: {:message=>"Created partition", :partition_name=>"incident_management_pending_issue_escalations_202205", :table_name=>"incident_management_pending_issue_escalations"}
2022-03-20T09:29:30.454Z: {:message=>"Created partition", :partition_name=>"incident_management_pending_issue_escalations_202206", :table_name=>"incident_management_pending_issue_escalations"}
2022-03-20T09:29:30.467Z: {:message=>"Created partition", :partition_name=>"incident_management_pending_issue_escalations_202207", :table_name=>"incident_management_pending_issue_escalations"}
2022-03-20T09:29:30.482Z: {:message=>"Created partition", :partition_name=>"incident_management_pending_issue_escalations_202208", :table_name=>"incident_management_pending_issue_escalations"}
2022-03-20T09:29:30.498Z: {:message=>"Created partition", :partition_name=>"incident_management_pending_issue_escalations_202209", :table_name=>"incident_management_pending_issue_escalations"}
2022-03-20T09:29:30.498Z: {:method=>"with_lock_retries", :class=>"Gitlab::Database::Partitioning::PartitionManager", :message=>"Migration finished", :current_iteration=>1, :lock_timeout_in_ms=>100}
2022-03-20T09:29:30.530Z: {:message=>"Switched database connection", :connection_name=>"main"}
2022-03-20T09:29:30.531Z: {:message=>"Checking state of dynamic postgres partitions", :table_name=>"verification_codes", :connection_name=>"main"}
2022-03-20T09:29:30.584Z: {:method=>"with_lock_retries", :class=>"Gitlab::Database::Partitioning::PartitionManager", :message=>"Lock timeout is set", :current_iteration=>1, :lock_timeout_in_ms=>100}
2022-03-20T09:29:30.602Z: {:message=>"Created partition", :partition_name=>"verification_codes_000000", :table_name=>"verification_codes"}
2022-03-20T09:29:30.617Z: {:message=>"Created partition", :partition_name=>"verification_codes_202203", :table_name=>"verification_codes"}
2022-03-20T09:29:30.631Z: {:message=>"Created partition", :partition_name=>"verification_codes_202204", :table_name=>"verification_codes"}
2022-03-20T09:29:30.645Z: {:message=>"Created partition", :partition_name=>"verification_codes_202205", :table_name=>"verification_codes"}
2022-03-20T09:29:30.662Z: {:message=>"Created partition", :partition_name=>"verification_codes_202206", :table_name=>"verification_codes"}
2022-03-20T09:29:30.677Z: {:message=>"Created partition", :partition_name=>"verification_codes_202207", :table_name=>"verification_codes"}
2022-03-20T09:29:30.692Z: {:message=>"Created partition", :partition_name=>"verification_codes_202208", :table_name=>"verification_codes"}
2022-03-20T09:29:30.707Z: {:message=>"Created partition", :partition_name=>"verification_codes_202209", :table_name=>"verification_codes"}
2022-03-20T09:29:30.708Z: {:method=>"with_lock_retries", :class=>"Gitlab::Database::Partitioning::PartitionManager", :message=>"Migration finished", :current_iteration=>1, :lock_timeout_in_ms=>100}
2022-03-20T09:29:30.740Z: {:message=>"Finished sync of dynamic postgres partitions"}
2022-03-20T09:29:32.052Z: User "Administrator" (admin@example.com) was created
2022-03-20T09:29:32.457Z: Group "GitLab Instance" was created
2022-03-20T09:29:32.622Z: `Namespaces::InviteTeamEmailWorker.perform_in` cannot be called inside a transaction as this can lead to
race conditions when the worker runs before the transaction is committed and
tries to access a model that has not been saved yet.

Use an `after_commit` hook, or include `AfterCommitQueue` and use a `run_after_commit` block instead.

2022-03-20T09:29:36.808Z: Administrator created a new project "GitLab Instance / Monitoring"
2022-03-20T09:29:37.035Z: `AuthorizedProjectUpdate::ProjectRecalculateWorker.perform_async` cannot be called inside a transaction as this can lead to
race conditions when the worker runs before the transaction is committed and
tries to access a model that has not been saved yet.

Use an `after_commit` hook, or include `AfterCommitQueue` and use a `run_after_commit` block instead.

2022-03-20T09:29:37.057Z: `Projects::PostCreationWorker.perform_async` cannot be called inside a transaction as this can lead to
race conditions when the worker runs before the transaction is committed and
tries to access a model that has not been saved yet.

Use an `after_commit` hook, or include `AfterCommitQueue` and use a `run_after_commit` block instead.

2022-03-20T09:29:37.549Z: Cannot obtain an exclusive lease. There must be another instance already in execution.
2022-03-20T09:29:57.750Z: ActiveRecord connection established
2022-03-20T09:29:59.000Z: {:message=>"Syncing dynamic postgres partitions"}
2022-03-20T09:29:59.014Z: {:message=>"Switched database connection", :connection_name=>"main"}
2022-03-20T09:29:59.017Z: {:message=>"Checking state of dynamic postgres partitions", :table_name=>"audit_events", :connection_name=>"main"}
2022-03-20T09:29:59.097Z: {:message=>"Switched database connection", :connection_name=>"main"}
2022-03-20T09:29:59.097Z: {:message=>"Checking state of dynamic postgres partitions", :table_name=>"web_hook_logs", :connection_name=>"main"}
2022-03-20T09:29:59.162Z: {:message=>"Switched database connection", :connection_name=>"main"}
2022-03-20T09:29:59.163Z: {:message=>"Checking state of dynamic postgres partitions", :table_name=>"loose_foreign_keys_deleted_records", :connection_name=>"main"}
2022-03-20T09:29:59.238Z: {:message=>"Switched database connection", :connection_name=>"main"}
2022-03-20T09:29:59.239Z: {:message=>"Checking state of dynamic postgres partitions", :table_name=>"batched_background_migration_job_transition_logs", :connection_name=>"main"}
2022-03-20T09:29:59.307Z: {:message=>"Switched database connection", :connection_name=>"main"}
2022-03-20T09:29:59.308Z: {:message=>"Checking state of dynamic postgres partitions", :table_name=>"incident_management_pending_alert_escalations", :connection_name=>"main"}
2022-03-20T09:29:59.367Z: {:message=>"Switched database connection", :connection_name=>"main"}
2022-03-20T09:29:59.369Z: {:message=>"Checking state of dynamic postgres partitions", :table_name=>"incident_management_pending_issue_escalations", :connection_name=>"main"}
2022-03-20T09:29:59.430Z: {:message=>"Switched database connection", :connection_name=>"main"}
2022-03-20T09:29:59.431Z: {:message=>"Checking state of dynamic postgres partitions", :table_name=>"verification_codes", :connection_name=>"main"}
2022-03-20T09:29:59.492Z: {:message=>"Finished sync of dynamic postgres partitions"}
2022-03-20T09:30:29.186Z: {:message=>"Syncing dynamic postgres partitions"}
2022-03-20T09:30:29.209Z: {:message=>"Switched database connection", :connection_name=>"main"}
2022-03-20T09:30:29.211Z: {:message=>"Checking state of dynamic postgres partitions", :table_name=>"audit_events", :connection_name=>"main"}
2022-03-20T09:30:29.258Z: {:message=>"Switched database connection", :connection_name=>"main"}
2022-03-20T09:30:29.259Z: {:message=>"Checking state of dynamic postgres partitions", :table_name=>"web_hook_logs", :connection_name=>"main"}
2022-03-20T09:30:29.290Z: {:message=>"Switched database connection", :connection_name=>"main"}
2022-03-20T09:30:29.291Z: {:message=>"Checking state of dynamic postgres partitions", :table_name=>"loose_foreign_keys_deleted_records", :connection_name=>"main"}
2022-03-20T09:30:29.342Z: {:message=>"Switched database connection", :connection_name=>"main"}
2022-03-20T09:30:29.343Z: {:message=>"Checking state of dynamic postgres partitions", :table_name=>"batched_background_migration_job_transition_logs", :connection_name=>"main"}
2022-03-20T09:30:29.374Z: {:message=>"Switched database connection", :connection_name=>"main"}
2022-03-20T09:30:29.375Z: {:message=>"Checking state of dynamic postgres partitions", :table_name=>"incident_management_pending_alert_escalations", :connection_name=>"main"}
2022-03-20T09:30:29.405Z: {:message=>"Switched database connection", :connection_name=>"main"}
2022-03-20T09:30:29.405Z: {:message=>"Checking state of dynamic postgres partitions", :table_name=>"incident_management_pending_issue_escalations", :connection_name=>"main"}
2022-03-20T09:30:29.436Z: {:message=>"Switched database connection", :connection_name=>"main"}
2022-03-20T09:30:29.436Z: {:message=>"Checking state of dynamic postgres partitions", :table_name=>"verification_codes", :connection_name=>"main"}
2022-03-20T09:30:29.465Z: {:message=>"Finished sync of dynamic postgres partitions"}
2022-03-20T09:30:36.455Z: {:message=>"Syncing dynamic postgres partitions"}
2022-03-20T09:30:36.480Z: {:message=>"Switched database connection", :connection_name=>"main"}
2022-03-20T09:30:36.482Z: {:message=>"Checking state of dynamic postgres partitions", :table_name=>"audit_events", :connection_name=>"main"}
2022-03-20T09:30:36.547Z: {:message=>"Switched database connection", :connection_name=>"main"}
2022-03-20T09:30:36.548Z: {:message=>"Checking state of dynamic postgres partitions", :table_name=>"web_hook_logs", :connection_name=>"main"}
2022-03-20T09:30:36.596Z: {:message=>"Switched database connection", :connection_name=>"main"}
2022-03-20T09:30:36.597Z: {:message=>"Checking state of dynamic postgres partitions", :table_name=>"loose_foreign_keys_deleted_records", :connection_name=>"main"}
2022-03-20T09:30:36.637Z: {:message=>"Switched database connection", :connection_name=>"main"}
2022-03-20T09:30:36.637Z: {:message=>"Checking state of dynamic postgres partitions", :table_name=>"batched_background_migration_job_transition_logs", :connection_name=>"main"}
2022-03-20T09:30:36.671Z: {:message=>"Switched database connection", :connection_name=>"main"}
2022-03-20T09:30:36.671Z: {:message=>"Checking state of dynamic postgres partitions", :table_name=>"incident_management_pending_alert_escalations", :connection_name=>"main"}
2022-03-20T09:30:36.701Z: {:message=>"Switched database connection", :connection_name=>"main"}
2022-03-20T09:30:36.702Z: {:message=>"Checking state of dynamic postgres partitions", :table_name=>"incident_management_pending_issue_escalations", :connection_name=>"main"}
2022-03-20T09:30:36.731Z: {:message=>"Switched database connection", :connection_name=>"main"}
2022-03-20T09:30:36.731Z: {:message=>"Checking state of dynamic postgres partitions", :table_name=>"verification_codes", :connection_name=>"main"}
2022-03-20T09:30:36.760Z: {:message=>"Finished sync of dynamic postgres partitions"}
2022-03-20T09:31:01.027Z: ActiveRecord connection disconnected
2022-03-20T09:31:02.322Z: ActiveRecord connection established
2022-03-20T09:31:02.366Z: ActiveRecord connection established
2022-03-20T09:31:02.399Z: ActiveRecord connection established
2022-03-20T09:31:02.456Z: ActiveRecord connection established
2022-03-20T09:31:19.484Z: ActiveRecord connection established
2022-03-20T09:31:20.843Z: {:message=>"Syncing dynamic postgres partitions"}
2022-03-20T09:31:20.853Z: {:message=>"Switched database connection", :connection_name=>"main"}
2022-03-20T09:31:20.855Z: {:message=>"Checking state of dynamic postgres partitions", :table_name=>"audit_events", :connection_name=>"main"}
2022-03-20T09:31:20.903Z: {:message=>"Switched database connection", :connection_name=>"main"}
2022-03-20T09:31:20.903Z: {:message=>"Checking state of dynamic postgres partitions", :table_name=>"web_hook_logs", :connection_name=>"main"}
2022-03-20T09:31:20.936Z: {:message=>"Switched database connection", :connection_name=>"main"}
2022-03-20T09:31:20.937Z: {:message=>"Checking state of dynamic postgres partitions", :table_name=>"loose_foreign_keys_deleted_records", :connection_name=>"main"}
2022-03-20T09:31:20.972Z: {:message=>"Switched database connection", :connection_name=>"main"}
2022-03-20T09:31:20.972Z: {:message=>"Checking state of dynamic postgres partitions", :table_name=>"batched_background_migration_job_transition_logs", :connection_name=>"main"}
2022-03-20T09:31:21.003Z: {:message=>"Switched database connection", :connection_name=>"main"}
2022-03-20T09:31:21.004Z: {:message=>"Checking state of dynamic postgres partitions", :table_name=>"incident_management_pending_alert_escalations", :connection_name=>"main"}
2022-03-20T09:31:21.034Z: {:message=>"Switched database connection", :connection_name=>"main"}
2022-03-20T09:31:21.034Z: {:message=>"Checking state of dynamic postgres partitions", :table_name=>"incident_management_pending_issue_escalations", :connection_name=>"main"}
2022-03-20T09:31:21.065Z: {:message=>"Switched database connection", :connection_name=>"main"}
2022-03-20T09:31:21.065Z: {:message=>"Checking state of dynamic postgres partitions", :table_name=>"verification_codes", :connection_name=>"main"}
2022-03-20T09:31:21.094Z: {:message=>"Finished sync of dynamic postgres partitions"}
2022-03-20T09:32:11.967Z: ActiveRecord connection established
2022-03-20T09:32:13.231Z: {:message=>"Syncing dynamic postgres partitions"}
2022-03-20T09:32:13.245Z: {:message=>"Switched database connection", :connection_name=>"main"}
2022-03-20T09:32:13.247Z: {:message=>"Checking state of dynamic postgres partitions", :table_name=>"audit_events", :connection_name=>"main"}
2022-03-20T09:32:13.307Z: {:message=>"Switched database connection", :connection_name=>"main"}
2022-03-20T09:32:13.307Z: {:message=>"Checking state of dynamic postgres partitions", :table_name=>"web_hook_logs", :connection_name=>"main"}
2022-03-20T09:32:13.343Z: {:message=>"Switched database connection", :connection_name=>"main"}
2022-03-20T09:32:13.345Z: {:message=>"Checking state of dynamic postgres partitions", :table_name=>"loose_foreign_keys_deleted_records", :connection_name=>"main"}
2022-03-20T09:32:13.388Z: {:message=>"Switched database connection", :connection_name=>"main"}
2022-03-20T09:32:13.389Z: {:message=>"Checking state of dynamic postgres partitions", :table_name=>"batched_background_migration_job_transition_logs", :connection_name=>"main"}
2022-03-20T09:32:13.432Z: {:message=>"Switched database connection", :connection_name=>"main"}
2022-03-20T09:32:13.433Z: {:message=>"Checking state of dynamic postgres partitions", :table_name=>"incident_management_pending_alert_escalations", :connection_name=>"main"}
2022-03-20T09:32:13.471Z: {:message=>"Switched database connection", :connection_name=>"main"}
2022-03-20T09:32:13.471Z: {:message=>"Checking state of dynamic postgres partitions", :table_name=>"incident_management_pending_issue_escalations", :connection_name=>"main"}
2022-03-20T09:32:13.506Z: {:message=>"Switched database connection", :connection_name=>"main"}
2022-03-20T09:32:13.506Z: {:message=>"Checking state of dynamic postgres partitions", :table_name=>"verification_codes", :connection_name=>"main"}
2022-03-20T09:32:13.550Z: {:message=>"Finished sync of dynamic postgres partitions"}
2022-03-20T09:34:10.316Z: Successful Login: username=root ip=118.69.128.53 method=standard admin=true
2022-03-20T09:36:48.507Z: User "phuocpro1969" (phuocpro1969@gmail.com) was created
2022-03-20T10:00:03.027Z: Ci::StuckBuilds::DropPendingService: Cleaning pending timed-out builds
2022-03-20T10:08:09.442Z: ActiveRecord connection established
2022-03-20T10:08:10.760Z: {:message=>"Syncing dynamic postgres partitions"}
2022-03-20T10:08:10.770Z: {:message=>"Switched database connection", :connection_name=>"main"}
2022-03-20T10:08:10.772Z: {:message=>"Checking state of dynamic postgres partitions", :table_name=>"audit_events", :connection_name=>"main"}
2022-03-20T10:08:10.816Z: {:message=>"Switched database connection", :connection_name=>"main"}
2022-03-20T10:08:10.818Z: {:message=>"Checking state of dynamic postgres partitions", :table_name=>"web_hook_logs", :connection_name=>"main"}
2022-03-20T10:08:10.861Z: {:message=>"Switched database connection", :connection_name=>"main"}
2022-03-20T10:08:10.861Z: {:message=>"Checking state of dynamic postgres partitions", :table_name=>"loose_foreign_keys_deleted_records", :connection_name=>"main"}
2022-03-20T10:08:10.916Z: {:message=>"Switched database connection", :connection_name=>"main"}
2022-03-20T10:08:10.917Z: {:message=>"Checking state of dynamic postgres partitions", :table_name=>"batched_background_migration_job_transition_logs", :connection_name=>"main"}
2022-03-20T10:08:10.953Z: {:message=>"Switched database connection", :connection_name=>"main"}
2022-03-20T10:08:10.953Z: {:message=>"Checking state of dynamic postgres partitions", :table_name=>"incident_management_pending_alert_escalations", :connection_name=>"main"}
2022-03-20T10:08:10.999Z: {:message=>"Switched database connection", :connection_name=>"main"}
2022-03-20T10:08:11.000Z: {:message=>"Checking state of dynamic postgres partitions", :table_name=>"incident_management_pending_issue_escalations", :connection_name=>"main"}
2022-03-20T10:08:11.029Z: {:message=>"Switched database connection", :connection_name=>"main"}
2022-03-20T10:08:11.030Z: {:message=>"Checking state of dynamic postgres partitions", :table_name=>"verification_codes", :connection_name=>"main"}
2022-03-20T10:08:11.064Z: {:message=>"Finished sync of dynamic postgres partitions"}
2022-03-20T10:15:37.038Z: User "Ghost User" (ghost@example.com) was created
2022-03-20T10:15:37.619Z: User "phuocpro1969" (phuocpro1969@gmail.com)  was removed
2022-03-20T10:15:56.557Z: User "phuocpro1969" (phuocpro1969@gmail.com) was created
2022-03-20T10:16:49.841Z: Cannot obtain an exclusive lease. There must be another instance already in execution.
2022-03-20T10:16:50.072Z: User "phuocpro1969" (phuocpro1969@gmail.com)  was removed
2022-03-20T10:17:32.341Z: Administrator created a new project "Administrator / Learn Ci"
2022-03-20T10:17:33.027Z: Updating statistics for project 2
2022-03-20T10:17:33.149Z: Updating statistics for project 2
2022-03-20T10:17:47.683Z: Adding key (key-1): ssh-rsa AAAAB3NzaC1yc2EAAAADAQABAAABgQClc4uUrhPWI4TWddd1snhknApu4wRjrg2gVY55x4dIWoBguWQxUtgPyTAYJG6uoftkx1dhB9SE0w8TENKREFx685UkoZmwhyGM9X7fkb9Bv51Li+/pVRPzV6LHGF3Iq+OZdqG8JwXE7ftAhNghktJ9Jh3ZheMpNsMHdZzkTY3Vw7VIk7lyiD3SzoTZeD+cocFavi9dUwVuEQkrNHgoRO5ajNsiErldoOo/QGbz63gmGd8ikXXQctDBZVrAPWuqfJT4WL/DSs1+FBP2iIITqw4v0gQnAiYmJcZDk3Y6ZxNL/e1rMsN17le4I3fTG++pknOHDe5hOBK+xRVaZ9dgjw9GdYrmzJ8Suw5eVXZ0Gvv2Vo+UlmV1xoNPT0Nqqygd7Uzd1Z1KE71MtvWFeY7LdeJFYMuDRk+bzreXloEClNaTddYLThmmEjwHAt6k2G768l59xEXHl75jINyRiiKMwwYxFpYQz9Jrb+uzEiYWconMhYCP9/e29YsjuQg9Z6Rommk=
2022-03-20T10:20:05.245Z: Ci::StuckBuilds::DropRunningService: Cleaning running, timed-out builds
2022-03-20T10:22:06.887Z: {:message=>"Pipeline authorized", :project_id=>2, :user_id=>1}
2022-03-20T10:22:07.898Z: Cannot obtain an exclusive lease for ci/pipeline_processing/atomic_processing_service::pipeline_id:1. There must be another instance already in execution.
2022-03-20T10:22:08.126Z: Cannot obtain an exclusive lease for ci/pipeline_processing/atomic_processing_service::pipeline_id:1. There must be another instance already in execution.
2022-03-20T10:22:08.254Z: Cannot obtain an exclusive lease for ci/pipeline_processing/atomic_processing_service::pipeline_id:1. There must be another instance already in execution.
2022-03-20T10:23:49.878Z: Successful Login: username=root ip=118.69.128.53 method=standard admin=true
2022-03-20T10:25:36.678Z: Cannot obtain an exclusive lease for ci/pipeline_processing/atomic_processing_service::pipeline_id:1. There must be another instance already in execution.
2022-03-20T10:25:36.721Z: Cannot obtain an exclusive lease for ci/pipeline_processing/atomic_processing_service::pipeline_id:1. There must be another instance already in execution.
2022-03-20T10:25:36.745Z: Cannot obtain an exclusive lease for ci/pipeline_processing/atomic_processing_service::pipeline_id:1. There must be another instance already in execution.
2022-03-20T10:25:36.775Z: Cannot obtain an exclusive lease for ci/pipeline_processing/atomic_processing_service::pipeline_id:1. There must be another instance already in execution.
2022-03-20T10:32:36.249Z: Updating statistics for project 2
2022-03-20T10:32:36.252Z: Updating statistics for project 2
2022-03-20T10:32:36.324Z: Cannot obtain an exclusive lease for namespace:namespaces_root_statistics:1. There must be another instance already in execution.
2022-03-20T10:40:06.518Z: Ci::StuckBuilds::DropScheduledService: Cleaning scheduled, timed-out builds
2022-03-20T11:00:18.248Z: Ci::StuckBuilds::DropPendingService: Cleaning pending timed-out builds
2022-03-20T11:00:28.320Z: Updating statistics for project 2
2022-03-20T11:00:28.788Z: {:message=>"Pipeline authorized", :project_id=>2, :user_id=>1}
2022-03-20T11:00:29.488Z: Cannot obtain an exclusive lease for ci/pipeline_processing/atomic_processing_service::pipeline_id:2. There must be another instance already in execution.
2022-03-20T11:01:45.904Z: Cannot obtain an exclusive lease for ci/pipeline_processing/atomic_processing_service::pipeline_id:2. There must be another instance already in execution.
2022-03-20T11:02:09.664Z: Cannot obtain an exclusive lease for ci/pipeline_processing/atomic_processing_service::pipeline_id:2. There must be another instance already in execution.
2022-03-20T11:02:33.512Z: Cannot obtain an exclusive lease for ci/pipeline_processing/atomic_processing_service::pipeline_id:2. There must be another instance already in execution.
2022-03-20T11:15:29.589Z: Updating statistics for project 2
2022-03-20T11:20:20.726Z: Ci::StuckBuilds::DropRunningService: Cleaning running, timed-out builds
2022-03-20T11:40:19.519Z: Ci::StuckBuilds::DropScheduledService: Cleaning scheduled, timed-out builds
2022-03-20T11:45:03.053Z: Updating statistics for project 2
2022-03-20T11:45:03.484Z: {:message=>"Pipeline authorized", :project_id=>2, :user_id=>1}
2022-03-20T11:45:04.420Z: Cannot obtain an exclusive lease for ci/pipeline_processing/atomic_processing_service::pipeline_id:3. There must be another instance already in execution.
2022-03-20T11:46:14.168Z: Cannot obtain an exclusive lease for ci/pipeline_processing/atomic_processing_service::pipeline_id:3. There must be another instance already in execution.
2022-03-20T11:46:41.389Z: Cannot obtain an exclusive lease for ci/pipeline_processing/atomic_processing_service::pipeline_id:3. There must be another instance already in execution.
2022-03-20T11:46:56.372Z: Cannot obtain an exclusive lease for ci/pipeline_processing/atomic_processing_service::pipeline_id:3. There must be another instance already in execution.
2022-03-20T11:46:56.460Z: Cannot obtain an exclusive lease for ci/pipeline_processing/atomic_processing_service::pipeline_id:3. There must be another instance already in execution.
2022-03-20T11:47:44.216Z: Cannot obtain an exclusive lease for ci/pipeline_processing/atomic_processing_service::pipeline_id:3. There must be another instance already in execution.
2022-03-20T11:47:55.868Z: Cannot obtain an exclusive lease for ci/pipeline_processing/atomic_processing_service::pipeline_id:3. There must be another instance already in execution.
2022-03-20T11:47:55.938Z: Cannot obtain an exclusive lease for ci/pipeline_processing/atomic_processing_service::pipeline_id:3. There must be another instance already in execution.
2022-03-20T11:56:17.441Z: Cannot obtain an exclusive lease for ci/pipeline_processing/atomic_processing_service::pipeline_id:3. There must be another instance already in execution.
2022-03-20T11:56:58.179Z: Cannot obtain an exclusive lease for ci/pipeline_processing/atomic_processing_service::pipeline_id:3. There must be another instance already in execution.
2022-03-20T11:56:58.232Z: Cannot obtain an exclusive lease for ci/pipeline_processing/atomic_processing_service::pipeline_id:3. There must be another instance already in execution.
2022-03-20T12:00:03.579Z: Updating statistics for project 2
2022-03-20T12:00:03.647Z: Cannot obtain an exclusive lease for namespace:namespaces_root_statistics:1. There must be another instance already in execution.
2022-03-20T12:00:18.517Z: Ci::StuckBuilds::DropPendingService: Cleaning pending timed-out builds
2022-03-20T12:17:48.596Z: Cannot obtain an exclusive lease for ci/pipeline_processing/atomic_processing_service::pipeline_id:3. There must be another instance already in execution.
2022-03-20T12:17:48.606Z: Cannot obtain an exclusive lease for ci/pipeline_processing/atomic_processing_service::pipeline_id:3. There must be another instance already in execution.
2022-03-20T12:18:29.633Z: Cannot obtain an exclusive lease for ci/pipeline_processing/atomic_processing_service::pipeline_id:3. There must be another instance already in execution.
2022-03-20T12:18:29.720Z: Cannot obtain an exclusive lease for ci/pipeline_processing/atomic_processing_service::pipeline_id:3. There must be another instance already in execution.
2022-03-20T12:19:11.855Z: Cannot obtain an exclusive lease for ci/pipeline_processing/atomic_processing_service::pipeline_id:3. There must be another instance already in execution.
2022-03-20T12:19:53.085Z: Cannot obtain an exclusive lease for ci/pipeline_processing/atomic_processing_service::pipeline_id:3. There must be another instance already in execution.
2022-03-20T12:19:53.125Z: Cannot obtain an exclusive lease for ci/pipeline_processing/atomic_processing_service::pipeline_id:3. There must be another instance already in execution.
2022-03-20T12:20:19.429Z: Ci::StuckBuilds::DropRunningService: Cleaning running, timed-out builds
2022-03-20T12:21:27.385Z: {:message=>"Syncing dynamic postgres partitions"}
2022-03-20T12:21:27.390Z: {:message=>"Switched database connection", :connection_name=>"main"}
2022-03-20T12:21:27.395Z: {:message=>"Checking state of dynamic postgres partitions", :table_name=>"audit_events", :connection_name=>"main"}
2022-03-20T12:21:27.418Z: {:message=>"Switched database connection", :connection_name=>"main"}
2022-03-20T12:21:27.418Z: {:message=>"Checking state of dynamic postgres partitions", :table_name=>"web_hook_logs", :connection_name=>"main"}
2022-03-20T12:21:27.432Z: {:message=>"Switched database connection", :connection_name=>"main"}
2022-03-20T12:21:27.432Z: {:message=>"Checking state of dynamic postgres partitions", :table_name=>"loose_foreign_keys_deleted_records", :connection_name=>"main"}
2022-03-20T12:21:27.456Z: {:message=>"Switched database connection", :connection_name=>"main"}
2022-03-20T12:21:27.457Z: {:message=>"Checking state of dynamic postgres partitions", :table_name=>"batched_background_migration_job_transition_logs", :connection_name=>"main"}
2022-03-20T12:21:27.472Z: {:message=>"Switched database connection", :connection_name=>"main"}
2022-03-20T12:21:27.473Z: {:message=>"Checking state of dynamic postgres partitions", :table_name=>"incident_management_pending_alert_escalations", :connection_name=>"main"}
2022-03-20T12:21:27.493Z: {:message=>"Switched database connection", :connection_name=>"main"}
2022-03-20T12:21:27.493Z: {:message=>"Checking state of dynamic postgres partitions", :table_name=>"incident_management_pending_issue_escalations", :connection_name=>"main"}
2022-03-20T12:21:27.516Z: {:message=>"Switched database connection", :connection_name=>"main"}
2022-03-20T12:21:27.516Z: {:message=>"Checking state of dynamic postgres partitions", :table_name=>"verification_codes", :connection_name=>"main"}
2022-03-20T12:21:27.536Z: {:message=>"Finished sync of dynamic postgres partitions"}
2022-03-20T12:21:27.537Z: {:message=>"Switched database connection", :connection_name=>"main"}
2022-03-20T12:21:27.544Z: {:message=>"Switched database connection", :connection_name=>"main"}
2022-03-20T12:21:27.552Z: {:message=>"Switched database connection", :connection_name=>"main"}
2022-03-20T12:21:27.556Z: {:message=>"Switched database connection", :connection_name=>"main"}
2022-03-20T12:37:47.997Z: Updating statistics for project 2
2022-03-20T12:37:48.454Z: {:message=>"Pipeline authorized", :project_id=>2, :user_id=>1}
2022-03-20T12:37:49.271Z: Cannot obtain an exclusive lease for ci/pipeline_processing/atomic_processing_service::pipeline_id:4. There must be another instance already in execution.
2022-03-20T12:39:40.122Z: Cannot obtain an exclusive lease for ci/pipeline_processing/atomic_processing_service::pipeline_id:4. There must be another instance already in execution.
2022-03-20T12:40:18.600Z: Ci::StuckBuilds::DropScheduledService: Cleaning scheduled, timed-out builds
2022-03-20T12:40:36.711Z: Cannot obtain an exclusive lease for ci/pipeline_processing/atomic_processing_service::pipeline_id:4. There must be another instance already in execution.
2022-03-20T12:41:23.959Z: Cannot obtain an exclusive lease for ci/pipeline_processing/atomic_processing_service::pipeline_id:4. There must be another instance already in execution.
2022-03-20T12:41:24.061Z: Cannot obtain an exclusive lease for ci/pipeline_processing/atomic_processing_service::pipeline_id:4. There must be another instance already in execution.
2022-03-20T12:42:05.232Z: Cannot obtain an exclusive lease for ci/pipeline_processing/atomic_processing_service::pipeline_id:4. There must be another instance already in execution.
2022-03-20T12:42:05.324Z: Cannot obtain an exclusive lease for ci/pipeline_processing/atomic_processing_service::pipeline_id:4. There must be another instance already in execution.
2022-03-20T12:45:11.888Z: {:message=>"Dropping detached postgres partitions"}
2022-03-20T12:45:11.899Z: {:message=>"Switched database connection", :connection_name=>"main"}
2022-03-20T12:45:11.902Z: {:message=>"Checking for previously detached partitions to drop"}
2022-03-20T12:45:11.935Z: {:message=>"Finished dropping detached postgres partitions"}
2022-03-20T12:45:11.936Z: {:message=>"Switched database connection", :connection_name=>"main"}
2022-03-20T12:45:11.950Z: {:message=>"Switched database connection", :connection_name=>"main"}
2022-03-20T12:45:11.964Z: {:message=>"Switched database connection", :connection_name=>"main"}
2022-03-20T12:45:11.985Z: {:message=>"Switched database connection", :connection_name=>"main"}
2022-03-20T12:46:17.772Z: Cannot obtain an exclusive lease for ci/pipeline_processing/atomic_processing_service::pipeline_id:4. There must be another instance already in execution.
2022-03-20T12:46:17.796Z: Cannot obtain an exclusive lease for ci/pipeline_processing/atomic_processing_service::pipeline_id:4. There must be another instance already in execution.
2022-03-20T12:46:59.216Z: Cannot obtain an exclusive lease for ci/pipeline_processing/atomic_processing_service::pipeline_id:4. There must be another instance already in execution.
2022-03-20T12:46:59.251Z: Cannot obtain an exclusive lease for ci/pipeline_processing/atomic_processing_service::pipeline_id:4. There must be another instance already in execution.
2022-03-20T12:48:05.520Z: Cannot obtain an exclusive lease for ci/pipeline_processing/atomic_processing_service::pipeline_id:4. There must be another instance already in execution.
2022-03-20T12:48:05.555Z: Cannot obtain an exclusive lease for ci/pipeline_processing/atomic_processing_service::pipeline_id:4. There must be another instance already in execution.
2022-03-20T12:48:47.417Z: Cannot obtain an exclusive lease for ci/pipeline_processing/atomic_processing_service::pipeline_id:4. There must be another instance already in execution.
2022-03-20T12:48:47.461Z: Cannot obtain an exclusive lease for ci/pipeline_processing/atomic_processing_service::pipeline_id:4. There must be another instance already in execution.
2022-03-20T12:49:33.269Z: Cannot obtain an exclusive lease for ci/pipeline_processing/atomic_processing_service::pipeline_id:4. There must be another instance already in execution.
2022-03-20T12:49:33.296Z: Cannot obtain an exclusive lease for ci/pipeline_processing/atomic_processing_service::pipeline_id:4. There must be another instance already in execution.
2022-03-20T12:50:20.457Z: Cannot obtain an exclusive lease for ci/pipeline_processing/atomic_processing_service::pipeline_id:4. There must be another instance already in execution.
2022-03-20T12:50:20.508Z: Cannot obtain an exclusive lease for ci/pipeline_processing/atomic_processing_service::pipeline_id:4. There must be another instance already in execution.
2022-03-20T12:52:08.597Z: Cannot obtain an exclusive lease for ci/pipeline_processing/atomic_processing_service::pipeline_id:4. There must be another instance already in execution.
2022-03-20T12:52:08.625Z: Cannot obtain an exclusive lease for ci/pipeline_processing/atomic_processing_service::pipeline_id:4. There must be another instance already in execution.
2022-03-20T12:52:53.886Z: Updating statistics for project 2
2022-03-20T12:53:01.226Z: Cannot obtain an exclusive lease for ci/pipeline_processing/atomic_processing_service::pipeline_id:4. There must be another instance already in execution.
2022-03-20T12:53:45.925Z: Cannot obtain an exclusive lease for ci/pipeline_processing/atomic_processing_service::pipeline_id:4. There must be another instance already in execution.
2022-03-20T12:54:29.556Z: Cannot obtain an exclusive lease for ci/pipeline_processing/atomic_processing_service::pipeline_id:4. There must be another instance already in execution.
2022-03-20T13:00:28.482Z: Ci::StuckBuilds::DropPendingService: Cleaning pending timed-out builds
2022-03-20T13:16:27.893Z: Cannot obtain an exclusive lease for ci/pipeline_processing/atomic_processing_service::pipeline_id:4. There must be another instance already in execution.
2022-03-20T13:17:08.037Z: Cannot obtain an exclusive lease for ci/pipeline_processing/atomic_processing_service::pipeline_id:4. There must be another instance already in execution.
2022-03-20T13:18:49.724Z: Updating statistics for project 2
2022-03-20T13:18:50.200Z: {:message=>"Pipeline authorized", :project_id=>2, :user_id=>1}
2022-03-20T13:18:51.170Z: Cannot obtain an exclusive lease for ci/pipeline_processing/atomic_processing_service::pipeline_id:5. There must be another instance already in execution.
2022-03-20T13:20:30.373Z: Ci::StuckBuilds::DropRunningService: Cleaning running, timed-out builds
2022-03-20T13:20:31.837Z: Cannot obtain an exclusive lease for ci/pipeline_processing/atomic_processing_service::pipeline_id:5. There must be another instance already in execution.
2022-03-20T13:21:28.712Z: Cannot obtain an exclusive lease for ci/pipeline_processing/atomic_processing_service::pipeline_id:5. There must be another instance already in execution.
2022-03-20T13:22:15.340Z: Cannot obtain an exclusive lease for ci/pipeline_processing/atomic_processing_service::pipeline_id:5. There must be another instance already in execution.
2022-03-20T13:22:15.437Z: Cannot obtain an exclusive lease for ci/pipeline_processing/atomic_processing_service::pipeline_id:5. There must be another instance already in execution.
2022-03-20T13:23:03.188Z: Cannot obtain an exclusive lease for ci/pipeline_processing/atomic_processing_service::pipeline_id:5. There must be another instance already in execution.
2022-03-20T13:23:45.189Z: Cannot obtain an exclusive lease for ci/pipeline_processing/atomic_processing_service::pipeline_id:5. There must be another instance already in execution.
2022-03-20T13:24:32.030Z: Cannot obtain an exclusive lease for ci/pipeline_processing/atomic_processing_service::pipeline_id:5. There must be another instance already in execution.
2022-03-20T13:33:54.422Z: Updating statistics for project 2
2022-03-20T13:33:54.485Z: Cannot obtain an exclusive lease for namespace:namespaces_root_statistics:1. There must be another instance already in execution.
2022-03-20T13:40:31.053Z: Ci::StuckBuilds::DropScheduledService: Cleaning scheduled, timed-out builds
